-------------------------------------------------------------------------------
Test set: TestSuite
-------------------------------------------------------------------------------
Tests run: 21, Failures: 17, Errors: 0, Skipped: 0, Time elapsed: 779.0 s <<< FAILURE! -- in TestSuite
com.flipkart.runner.TestRunner.runScenario["Remove a product from the cart", "Shopping Cart Operations"](2) -- Time elapsed: 73.58 s <<< FAILURE!
org.openqa.selenium.TimeoutException: 
Expected condition failed: waiting for visibility of element located by By.xpath: //div[contains(text(),'REMOVE')] (tried for 15 second(s) with 500 milliseconds interval)
Build info: version: '4.22.0', revision: 'c5f3146703*'
System info: os.name: 'Windows 11', os.arch: 'amd64', os.version: '10.0', java.version: '25.0.3'
Driver info: org.openqa.selenium.chrome.ChromeDriver
Capabilities {acceptInsecureCerts: false, browserName: chrome, browserVersion: 149.0.7827.197, chrome: {chromedriverVersion: 149.0.7827.155 (07b52360cc1..., userDataDir: C:\WINDOWS\SystemTemp\scope...}, fedcm:accounts: true, goog:chromeOptions: {debuggerAddress: localhost:49241}, goog:processID: 29416, networkConnectionEnabled: false, pageLoadStrategy: normal, platformName: windows, proxy: Proxy(), se:cdp: ws://localhost:49241/devtoo..., se:cdpVersion: 149.0.7827.197, setWindowRect: true, strictFileInteractability: false, timeouts: {implicit: 0, pageLoad: 300000, script: 30000}, unhandledPromptBehavior: dismiss and notify, webauthn:extension:credBlob: true, webauthn:extension:largeBlob: true, webauthn:extension:minPinLength: true, webauthn:extension:prf: true, webauthn:virtualAuthenticators: true}
Session ID: 9a0efabb711ce36d1ea48d97efef90b2
	at org.openqa.selenium.support.ui.WebDriverWait.timeoutException(WebDriverWait.java:84)
	at org.openqa.selenium.support.ui.FluentWait.until(FluentWait.java:228)
	at com.flipkart.pages.BasePage.waitForVisibility(BasePage.java:24)
	at com.flipkart.pages.BasePage.click(BasePage.java:40)
	at com.flipkart.pages.CartPage.removeFirstItem(CartPage.java:35)
	at com.flipkart.stepdefinitions.CartSteps.the_user_removes_the_first_item_from_cart(CartSteps.java:51)
	at ✽.the user removes the first item from cart(file:///C:/Users/Abhijit%20maske/Downloads/FlipkartAutomation%20(1)/FlipkartAutomation/src/test/resources/features/Cart.feature:22)

com.flipkart.runner.TestRunner.runScenario["Verify cart item title matches the added product", "Shopping Cart Operations"](3) -- Time elapsed: 52.74 s <<< FAILURE!
org.openqa.selenium.TimeoutException: 
Expected condition failed: waiting for visibility of all elements located by By.cssSelector: div._3vQYRY, div.col.col-7-12 a (tried for 15 second(s) with 500 milliseconds interval)
Build info: version: '4.22.0', revision: 'c5f3146703*'
System info: os.name: 'Windows 11', os.arch: 'amd64', os.version: '10.0', java.version: '25.0.3'
Driver info: org.openqa.selenium.chrome.ChromeDriver
Capabilities {acceptInsecureCerts: false, browserName: chrome, browserVersion: 149.0.7827.197, chrome: {chromedriverVersion: 149.0.7827.155 (07b52360cc1..., userDataDir: C:\WINDOWS\SystemTemp\scope...}, fedcm:accounts: true, goog:chromeOptions: {debuggerAddress: localhost:10989}, goog:processID: 12400, networkConnectionEnabled: false, pageLoadStrategy: normal, platformName: windows, proxy: Proxy(), se:cdp: ws://localhost:10989/devtoo..., se:cdpVersion: 149.0.7827.197, setWindowRect: true, strictFileInteractability: false, timeouts: {implicit: 0, pageLoad: 300000, script: 30000}, unhandledPromptBehavior: dismiss and notify, webauthn:extension:credBlob: true, webauthn:extension:largeBlob: true, webauthn:extension:minPinLength: true, webauthn:extension:prf: true, webauthn:virtualAuthenticators: true}
Session ID: 83c9491220510e9cd8de31207982439a
	at org.openqa.selenium.support.ui.WebDriverWait.timeoutException(WebDriverWait.java:84)
	at org.openqa.selenium.support.ui.FluentWait.until(FluentWait.java:228)
	at com.flipkart.pages.BasePage.waitForAllVisible(BasePage.java:32)
	at com.flipkart.pages.CartPage.getCartItemTitles(CartPage.java:48)
	at com.flipkart.stepdefinitions.CartSteps.the_cart_item_title_should_match_product_added(CartSteps.java:61)
	at ✽.the cart item title should match the product added(file:///C:/Users/Abhijit%20maske/Downloads/FlipkartAutomation%20(1)/FlipkartAutomation/src/test/resources/features/Cart.feature:30)

com.flipkart.runner.TestRunner.runScenario["Search using data-driven inputs from Excel", "Data-Driven Product Search"](4) -- Time elapsed: 1.781 s <<< FAILURE!
java.lang.RuntimeException: Failed to read Excel file: src/test/resources/testdata/SearchTestData.xlsx
	at com.flipkart.utils.ExcelUtils.readSheet(ExcelUtils.java:39)
	at com.flipkart.stepdefinitions.DataDrivenSteps.test_data_is_loaded_from_sheet(DataDrivenSteps.java:25)
	at ✽.test data is loaded from "src/test/resources/testdata/SearchTestData.xlsx" sheet "SearchData"(file:///C:/Users/Abhijit%20maske/Downloads/FlipkartAutomation%20(1)/FlipkartAutomation/src/test/resources/features/DataDrivenSearch.feature:9)
Caused by: java.io.FileNotFoundException: src\test\resources\testdata\SearchTestData.xlsx (The system cannot find the path specified)
	at java.base/java.io.FileInputStream.open0(Native Method)
	at java.base/java.io.FileInputStream.open(FileInputStream.java:185)
	at java.base/java.io.FileInputStream.<init>(FileInputStream.java:139)
	at java.base/java.io.FileInputStream.<init>(FileInputStream.java:109)
	at com.flipkart.utils.ExcelUtils.readSheet(ExcelUtils.java:15)
	at com.flipkart.stepdefinitions.DataDrivenSteps.test_data_is_loaded_from_sheet(DataDrivenSteps.java:25)
	at java.base/jdk.internal.reflect.DirectMethodHandleAccessor.invoke(DirectMethodHandleAccessor.java:104)
	at java.base/java.lang.reflect.Method.invoke(Method.java:565)
	at io.cucumber.java.Invoker.doInvoke(Invoker.java:66)
	at io.cucumber.java.Invoker.invoke(Invoker.java:24)
	at io.cucumber.java.AbstractGlueDefinition.invokeMethod(AbstractGlueDefinition.java:47)
	at io.cucumber.java.JavaStepDefinition.execute(JavaStepDefinition.java:29)
	at io.cucumber.core.runner.CoreStepDefinition.execute(CoreStepDefinition.java:66)
	at io.cucumber.core.runner.PickleStepDefinitionMatch.runStep(PickleStepDefinitionMatch.java:63)
	at io.cucumber.core.runner.ExecutionMode$1.execute(ExecutionMode.java:10)
	at io.cucumber.core.runner.TestStep.executeStep(TestStep.java:81)
	at io.cucumber.core.runner.TestStep.run(TestStep.java:53)
	at io.cucumber.core.runner.PickleStepTestStep.run(PickleStepTestStep.java:51)
	at io.cucumber.core.runner.TestCase.run(TestCase.java:84)
	at io.cucumber.core.runner.Runner.runPickle(Runner.java:75)
	at io.cucumber.testng.TestNGCucumberRunner.lambda$runScenario$1(TestNGCucumberRunner.java:132)
	at io.cucumber.core.runtime.CucumberExecutionContext.lambda$runTestCase$5(CucumberExecutionContext.java:136)
	at io.cucumber.core.runtime.RethrowingThrowableCollector.executeAndThrow(RethrowingThrowableCollector.java:23)
	at io.cucumber.core.runtime.CucumberExecutionContext.runTestCase(CucumberExecutionContext.java:136)
	at io.cucumber.testng.TestNGCucumberRunner.runScenario(TestNGCucumberRunner.java:129)
	at io.cucumber.testng.AbstractTestNGCucumberTests.runScenario(AbstractTestNGCucumberTests.java:35)
	at java.base/jdk.internal.reflect.DirectMethodHandleAccessor.invoke(DirectMethodHandleAccessor.java:104)
	at java.base/java.lang.reflect.Method.invoke(Method.java:565)
	at org.testng.internal.invokers.MethodInvocationHelper.invokeMethod(MethodInvocationHelper.java:141)
	at org.testng.internal.invokers.TestInvoker.invokeMethod(TestInvoker.java:686)
	at org.testng.internal.invokers.TestInvoker.invokeTestMethod(TestInvoker.java:230)
	at org.testng.internal.invokers.MethodRunner.runInSequence(MethodRunner.java:63)
	at org.testng.internal.invokers.TestInvoker$MethodInvocationAgent.invoke(TestInvoker.java:992)
	at org.testng.internal.invokers.TestInvoker.invokeTestMethods(TestInvoker.java:203)
	at org.testng.internal.invokers.TestMethodWorker.invokeTestMethods(TestMethodWorker.java:154)
	at org.testng.internal.invokers.TestMethodWorker.run(TestMethodWorker.java:134)
	at java.base/java.util.ArrayList.forEach(ArrayList.java:1604)
	at org.testng.TestRunner.privateRun(TestRunner.java:739)
	at org.testng.TestRunner.run(TestRunner.java:614)
	at org.testng.SuiteRunner.runTest(SuiteRunner.java:421)
	at org.testng.SuiteRunner.runSequentially(SuiteRunner.java:413)
	at org.testng.SuiteRunner.privateRun(SuiteRunner.java:373)
	at org.testng.SuiteRunner.run(SuiteRunner.java:312)
	at org.testng.SuiteRunnerWorker.runSuite(SuiteRunnerWorker.java:52)
	at org.testng.SuiteRunnerWorker.run(SuiteRunnerWorker.java:95)
	at org.testng.TestNG.runSuitesSequentially(TestNG.java:1274)
	at org.testng.TestNG.runSuitesLocally(TestNG.java:1208)
	at org.testng.TestNG.runSuites(TestNG.java:1112)
	at org.testng.TestNG.run(TestNG.java:1079)
	at org.apache.maven.surefire.testng.TestNGExecutor.run(TestNGExecutor.java:308)
	at org.apache.maven.surefire.testng.TestNGXmlTestSuite.execute(TestNGXmlTestSuite.java:71)
	at org.apache.maven.surefire.testng.TestNGProvider.invoke(TestNGProvider.java:113)
	at org.apache.maven.surefire.booter.ForkedBooter.runSuitesInProcess(ForkedBooter.java:385)
	at org.apache.maven.surefire.booter.ForkedBooter.execute(ForkedBooter.java:162)
	at org.apache.maven.surefire.booter.ForkedBooter.run(ForkedBooter.java:507)
	at org.apache.maven.surefire.booter.ForkedBooter.main(ForkedBooter.java:495)

com.flipkart.runner.TestRunner.runScenario["Login with valid mobile number format triggers OTP request", "Login Functionality"](7) -- Time elapsed: 37.42 s <<< FAILURE!
org.openqa.selenium.TimeoutException: 
Expected condition failed: waiting for visibility of element located by By.cssSelector: input.r4vIwl, input._2IX_2- (tried for 15 second(s) with 500 milliseconds interval)
Build info: version: '4.22.0', revision: 'c5f3146703*'
System info: os.name: 'Windows 11', os.arch: 'amd64', os.version: '10.0', java.version: '25.0.3'
Driver info: org.openqa.selenium.chrome.ChromeDriver
Capabilities {acceptInsecureCerts: false, browserName: chrome, browserVersion: 149.0.7827.197, chrome: {chromedriverVersion: 149.0.7827.155 (07b52360cc1..., userDataDir: C:\WINDOWS\SystemTemp\scope...}, fedcm:accounts: true, goog:chromeOptions: {debuggerAddress: localhost:21037}, goog:processID: 13684, networkConnectionEnabled: false, pageLoadStrategy: normal, platformName: windows, proxy: Proxy(), se:cdp: ws://localhost:21037/devtoo..., se:cdpVersion: 149.0.7827.197, setWindowRect: true, strictFileInteractability: false, timeouts: {implicit: 0, pageLoad: 300000, script: 30000}, unhandledPromptBehavior: dismiss and notify, webauthn:extension:credBlob: true, webauthn:extension:largeBlob: true, webauthn:extension:minPinLength: true, webauthn:extension:prf: true, webauthn:virtualAuthenticators: true}
Session ID: d9bd3a8e0a3fda394b335907b93c3172
	at org.openqa.selenium.support.ui.WebDriverWait.timeoutException(WebDriverWait.java:84)
	at org.openqa.selenium.support.ui.FluentWait.until(FluentWait.java:228)
	at com.flipkart.pages.BasePage.waitForVisibility(BasePage.java:24)
	at com.flipkart.pages.BasePage.type(BasePage.java:58)
	at com.flipkart.pages.LoginPage.enterMobileOrEmail(LoginPage.java:18)
	at com.flipkart.stepdefinitions.LoginSteps.the_user_enters_mobile_number(LoginSteps.java:25)
	at ✽.the user enters mobile number "9876543210"(file:///C:/Users/Abhijit%20maske/Downloads/FlipkartAutomation%20(1)/FlipkartAutomation/src/test/resources/features/Login.feature:13)

com.flipkart.runner.TestRunner.runScenario["Login with invalid mobile number shows validation error", "Login Functionality"](8) -- Time elapsed: 38.83 s <<< FAILURE!
org.openqa.selenium.TimeoutException: 
Expected condition failed: waiting for visibility of element located by By.cssSelector: input.r4vIwl, input._2IX_2- (tried for 15 second(s) with 500 milliseconds interval)
Build info: version: '4.22.0', revision: 'c5f3146703*'
System info: os.name: 'Windows 11', os.arch: 'amd64', os.version: '10.0', java.version: '25.0.3'
Driver info: org.openqa.selenium.chrome.ChromeDriver
Capabilities {acceptInsecureCerts: false, browserName: chrome, browserVersion: 149.0.7827.197, chrome: {chromedriverVersion: 149.0.7827.155 (07b52360cc1..., userDataDir: C:\WINDOWS\SystemTemp\scope...}, fedcm:accounts: true, goog:chromeOptions: {debuggerAddress: localhost:47270}, goog:processID: 20200, networkConnectionEnabled: false, pageLoadStrategy: normal, platformName: windows, proxy: Proxy(), se:cdp: ws://localhost:47270/devtoo..., se:cdpVersion: 149.0.7827.197, setWindowRect: true, strictFileInteractability: false, timeouts: {implicit: 0, pageLoad: 300000, script: 30000}, unhandledPromptBehavior: dismiss and notify, webauthn:extension:credBlob: true, webauthn:extension:largeBlob: true, webauthn:extension:minPinLength: true, webauthn:extension:prf: true, webauthn:virtualAuthenticators: true}
Session ID: 19d03a9cfa7db48cbca6ffff80b37e5e
	at org.openqa.selenium.support.ui.WebDriverWait.timeoutException(WebDriverWait.java:84)
	at org.openqa.selenium.support.ui.FluentWait.until(FluentWait.java:228)
	at com.flipkart.pages.BasePage.waitForVisibility(BasePage.java:24)
	at com.flipkart.pages.BasePage.type(BasePage.java:58)
	at com.flipkart.pages.LoginPage.enterMobileOrEmail(LoginPage.java:18)
	at com.flipkart.stepdefinitions.LoginSteps.the_user_enters_mobile_number(LoginSteps.java:25)
	at ✽.the user enters mobile number "12345"(file:///C:/Users/Abhijit%20maske/Downloads/FlipkartAutomation%20(1)/FlipkartAutomation/src/test/resources/features/Login.feature:19)

com.flipkart.runner.TestRunner.runScenario["Login with various invalid inputs", "Login Functionality"](9) -- Time elapsed: 38.73 s <<< FAILURE!
org.openqa.selenium.TimeoutException: 
Expected condition failed: waiting for visibility of element located by By.cssSelector: input.r4vIwl, input._2IX_2- (tried for 15 second(s) with 500 milliseconds interval)
Build info: version: '4.22.0', revision: 'c5f3146703*'
System info: os.name: 'Windows 11', os.arch: 'amd64', os.version: '10.0', java.version: '25.0.3'
Driver info: org.openqa.selenium.chrome.ChromeDriver
Capabilities {acceptInsecureCerts: false, browserName: chrome, browserVersion: 149.0.7827.197, chrome: {chromedriverVersion: 149.0.7827.155 (07b52360cc1..., userDataDir: C:\WINDOWS\SystemTemp\scope...}, fedcm:accounts: true, goog:chromeOptions: {debuggerAddress: localhost:30578}, goog:processID: 16164, networkConnectionEnabled: false, pageLoadStrategy: normal, platformName: windows, proxy: Proxy(), se:cdp: ws://localhost:30578/devtoo..., se:cdpVersion: 149.0.7827.197, setWindowRect: true, strictFileInteractability: false, timeouts: {implicit: 0, pageLoad: 300000, script: 30000}, unhandledPromptBehavior: dismiss and notify, webauthn:extension:credBlob: true, webauthn:extension:largeBlob: true, webauthn:extension:minPinLength: true, webauthn:extension:prf: true, webauthn:virtualAuthenticators: true}
Session ID: c3cb99b0d180d13f125a5a292281e35a
	at org.openqa.selenium.support.ui.WebDriverWait.timeoutException(WebDriverWait.java:84)
	at org.openqa.selenium.support.ui.FluentWait.until(FluentWait.java:228)
	at com.flipkart.pages.BasePage.waitForVisibility(BasePage.java:24)
	at com.flipkart.pages.BasePage.type(BasePage.java:58)
	at com.flipkart.pages.LoginPage.enterMobileOrEmail(LoginPage.java:18)
	at com.flipkart.stepdefinitions.LoginSteps.the_user_enters_mobile_number(LoginSteps.java:25)
	at ✽.the user enters mobile number "abcdefghij"(file:///C:/Users/Abhijit%20maske/Downloads/FlipkartAutomation%20(1)/FlipkartAutomation/src/test/resources/features/Login.feature:25)

com.flipkart.runner.TestRunner.runScenario["Login with various invalid inputs", "Login Functionality"](10) -- Time elapsed: 39.73 s <<< FAILURE!
org.openqa.selenium.TimeoutException: 
Expected condition failed: waiting for visibility of element located by By.cssSelector: input.r4vIwl, input._2IX_2- (tried for 15 second(s) with 500 milliseconds interval)
Build info: version: '4.22.0', revision: 'c5f3146703*'
System info: os.name: 'Windows 11', os.arch: 'amd64', os.version: '10.0', java.version: '25.0.3'
Driver info: org.openqa.selenium.chrome.ChromeDriver
Capabilities {acceptInsecureCerts: false, browserName: chrome, browserVersion: 149.0.7827.197, chrome: {chromedriverVersion: 149.0.7827.155 (07b52360cc1..., userDataDir: C:\WINDOWS\SystemTemp\scope...}, fedcm:accounts: true, goog:chromeOptions: {debuggerAddress: localhost:32750}, goog:processID: 19204, networkConnectionEnabled: false, pageLoadStrategy: normal, platformName: windows, proxy: Proxy(), se:cdp: ws://localhost:32750/devtoo..., se:cdpVersion: 149.0.7827.197, setWindowRect: true, strictFileInteractability: false, timeouts: {implicit: 0, pageLoad: 300000, script: 30000}, unhandledPromptBehavior: dismiss and notify, webauthn:extension:credBlob: true, webauthn:extension:largeBlob: true, webauthn:extension:minPinLength: true, webauthn:extension:prf: true, webauthn:virtualAuthenticators: true}
Session ID: 1bfd7233901886518217fb7dae877973
	at org.openqa.selenium.support.ui.WebDriverWait.timeoutException(WebDriverWait.java:84)
	at org.openqa.selenium.support.ui.FluentWait.until(FluentWait.java:228)
	at com.flipkart.pages.BasePage.waitForVisibility(BasePage.java:24)
	at com.flipkart.pages.BasePage.type(BasePage.java:58)
	at com.flipkart.pages.LoginPage.enterMobileOrEmail(LoginPage.java:18)
	at com.flipkart.stepdefinitions.LoginSteps.the_user_enters_mobile_number(LoginSteps.java:25)
	at ✽.the user enters mobile number "999999999999"(file:///C:/Users/Abhijit%20maske/Downloads/FlipkartAutomation%20(1)/FlipkartAutomation/src/test/resources/features/Login.feature:25)

com.flipkart.runner.TestRunner.runScenario["Login with various invalid inputs", "Login Functionality"](11) -- Time elapsed: 38.18 s <<< FAILURE!
org.openqa.selenium.TimeoutException: 
Expected condition failed: waiting for visibility of element located by By.cssSelector: input.r4vIwl, input._2IX_2- (tried for 15 second(s) with 500 milliseconds interval)
Build info: version: '4.22.0', revision: 'c5f3146703*'
System info: os.name: 'Windows 11', os.arch: 'amd64', os.version: '10.0', java.version: '25.0.3'
Driver info: org.openqa.selenium.chrome.ChromeDriver
Capabilities {acceptInsecureCerts: false, browserName: chrome, browserVersion: 149.0.7827.197, chrome: {chromedriverVersion: 149.0.7827.155 (07b52360cc1..., userDataDir: C:\WINDOWS\SystemTemp\scope...}, fedcm:accounts: true, goog:chromeOptions: {debuggerAddress: localhost:56673}, goog:processID: 23700, networkConnectionEnabled: false, pageLoadStrategy: normal, platformName: windows, proxy: Proxy(), se:cdp: ws://localhost:56673/devtoo..., se:cdpVersion: 149.0.7827.197, setWindowRect: true, strictFileInteractability: false, timeouts: {implicit: 0, pageLoad: 300000, script: 30000}, unhandledPromptBehavior: dismiss and notify, webauthn:extension:credBlob: true, webauthn:extension:largeBlob: true, webauthn:extension:minPinLength: true, webauthn:extension:prf: true, webauthn:virtualAuthenticators: true}
Session ID: 302db757a31af5c00e5ad8fa28694e61
	at org.openqa.selenium.support.ui.WebDriverWait.timeoutException(WebDriverWait.java:84)
	at org.openqa.selenium.support.ui.FluentWait.until(FluentWait.java:228)
	at com.flipkart.pages.BasePage.waitForVisibility(BasePage.java:24)
	at com.flipkart.pages.BasePage.type(BasePage.java:58)
	at com.flipkart.pages.LoginPage.enterMobileOrEmail(LoginPage.java:18)
	at com.flipkart.stepdefinitions.LoginSteps.the_user_enters_mobile_number(LoginSteps.java:25)
	at ✽.the user enters mobile number "!@#$%^&amp;*()"(file:///C:/Users/Abhijit%20maske/Downloads/FlipkartAutomation%20(1)/FlipkartAutomation/src/test/resources/features/Login.feature:25)

com.flipkart.runner.TestRunner.runScenario["Search for a valid product returns results", "Product Search on Flipkart"](12) -- Time elapsed: 43.26 s <<< FAILURE!
java.lang.AssertionError: No search results displayed expected [true] but found [false]
	at org.testng.Assert.fail(Assert.java:111)
	at org.testng.Assert.failNotEquals(Assert.java:1578)
	at org.testng.Assert.assertTrue(Assert.java:57)
	at com.flipkart.stepdefinitions.SearchSteps.search_results_should_be_displayed(SearchSteps.java:34)
	at ✽.search results should be displayed(file:///C:/Users/Abhijit%20maske/Downloads/FlipkartAutomation%20(1)/FlipkartAutomation/src/test/resources/features/Search.feature:13)

com.flipkart.runner.TestRunner.runScenario["Search for multiple valid products", "Product Search on Flipkart"](13) -- Time elapsed: 39.68 s <<< FAILURE!
java.lang.AssertionError: No search results displayed expected [true] but found [false]
	at org.testng.Assert.fail(Assert.java:111)
	at org.testng.Assert.failNotEquals(Assert.java:1578)
	at org.testng.Assert.assertTrue(Assert.java:57)
	at com.flipkart.stepdefinitions.SearchSteps.search_results_should_be_displayed(SearchSteps.java:34)
	at ✽.search results should be displayed(file:///C:/Users/Abhijit%20maske/Downloads/FlipkartAutomation%20(1)/FlipkartAutomation/src/test/resources/features/Search.feature:19)

com.flipkart.runner.TestRunner.runScenario["Search for multiple valid products", "Product Search on Flipkart"](14) -- Time elapsed: 42.02 s <<< FAILURE!
java.lang.AssertionError: No search results displayed expected [true] but found [false]
	at org.testng.Assert.fail(Assert.java:111)
	at org.testng.Assert.failNotEquals(Assert.java:1578)
	at org.testng.Assert.assertTrue(Assert.java:57)
	at com.flipkart.stepdefinitions.SearchSteps.search_results_should_be_displayed(SearchSteps.java:34)
	at ✽.search results should be displayed(file:///C:/Users/Abhijit%20maske/Downloads/FlipkartAutomation%20(1)/FlipkartAutomation/src/test/resources/features/Search.feature:19)

com.flipkart.runner.TestRunner.runScenario["Search for multiple valid products", "Product Search on Flipkart"](15) -- Time elapsed: 41.67 s <<< FAILURE!
java.lang.AssertionError: No search results displayed expected [true] but found [false]
	at org.testng.Assert.fail(Assert.java:111)
	at org.testng.Assert.failNotEquals(Assert.java:1578)
	at org.testng.Assert.assertTrue(Assert.java:57)
	at com.flipkart.stepdefinitions.SearchSteps.search_results_should_be_displayed(SearchSteps.java:34)
	at ✽.search results should be displayed(file:///C:/Users/Abhijit%20maske/Downloads/FlipkartAutomation%20(1)/FlipkartAutomation/src/test/resources/features/Search.feature:19)

com.flipkart.runner.TestRunner.runScenario["Search for multiple valid products", "Product Search on Flipkart"](16) -- Time elapsed: 42.28 s <<< FAILURE!
java.lang.AssertionError: No search results displayed expected [true] but found [false]
	at org.testng.Assert.fail(Assert.java:111)
	at org.testng.Assert.failNotEquals(Assert.java:1578)
	at org.testng.Assert.assertTrue(Assert.java:57)
	at com.flipkart.stepdefinitions.SearchSteps.search_results_should_be_displayed(SearchSteps.java:34)
	at ✽.search results should be displayed(file:///C:/Users/Abhijit%20maske/Downloads/FlipkartAutomation%20(1)/FlipkartAutomation/src/test/resources/features/Search.feature:19)

com.flipkart.runner.TestRunner.runScenario["Search for an invalid or nonexistent product", "Product Search on Flipkart"](17) -- Time elapsed: 40.63 s <<< FAILURE!
java.lang.AssertionError: No-results message was not shown for invalid search expected [true] but found [false]
	at org.testng.Assert.fail(Assert.java:111)
	at org.testng.Assert.failNotEquals(Assert.java:1578)
	at org.testng.Assert.assertTrue(Assert.java:57)
	at com.flipkart.stepdefinitions.SearchSteps.no_results_message_should_be_displayed(SearchSteps.java:45)
	at ✽.no results message should be displayed(file:///C:/Users/Abhijit%20maske/Downloads/FlipkartAutomation%20(1)/FlipkartAutomation/src/test/resources/features/Search.feature:31)

com.flipkart.runner.TestRunner.runScenario["Sort products by price low to high", "Sorting and Filtering Search Results"](19) -- Time elapsed: 40.69 s <<< FAILURE!
org.openqa.selenium.TimeoutException: 
Expected condition failed: waiting for visibility of all elements located by By.cssSelector: div._30jeq3, div.Nx9bqj (tried for 15 second(s) with 500 milliseconds interval)
Build info: version: '4.22.0', revision: 'c5f3146703*'
System info: os.name: 'Windows 11', os.arch: 'amd64', os.version: '10.0', java.version: '25.0.3'
Driver info: org.openqa.selenium.chrome.ChromeDriver
Capabilities {acceptInsecureCerts: false, browserName: chrome, browserVersion: 149.0.7827.197, chrome: {chromedriverVersion: 149.0.7827.155 (07b52360cc1..., userDataDir: C:\WINDOWS\SystemTemp\scope...}, fedcm:accounts: true, goog:chromeOptions: {debuggerAddress: localhost:2077}, goog:processID: 3876, networkConnectionEnabled: false, pageLoadStrategy: normal, platformName: windows, proxy: Proxy(), se:cdp: ws://localhost:2077/devtool..., se:cdpVersion: 149.0.7827.197, setWindowRect: true, strictFileInteractability: false, timeouts: {implicit: 0, pageLoad: 300000, script: 30000}, unhandledPromptBehavior: dismiss and notify, webauthn:extension:credBlob: true, webauthn:extension:largeBlob: true, webauthn:extension:minPinLength: true, webauthn:extension:prf: true, webauthn:virtualAuthenticators: true}
Session ID: 9c41f298b9b078727deb47e18088ab6c
	at org.openqa.selenium.support.ui.WebDriverWait.timeoutException(WebDriverWait.java:84)
	at org.openqa.selenium.support.ui.FluentWait.until(FluentWait.java:228)
	at com.flipkart.pages.BasePage.waitForAllVisible(BasePage.java:32)
	at com.flipkart.pages.SearchResultsPage.getAllDisplayedPrices(SearchResultsPage.java:41)
	at com.flipkart.stepdefinitions.SortAndFilterSteps.prices_should_be_ascending(SortAndFilterSteps.java:28)
	at ✽.the displayed prices should be in ascending order(file:///C:/Users/Abhijit%20maske/Downloads/FlipkartAutomation%20(1)/FlipkartAutomation/src/test/resources/features/SortAndFilter.feature:14)

com.flipkart.runner.TestRunner.runScenario["Sort products by price high to low", "Sorting and Filtering Search Results"](20) -- Time elapsed: 40.96 s <<< FAILURE!
org.openqa.selenium.TimeoutException: 
Expected condition failed: waiting for visibility of all elements located by By.cssSelector: div._30jeq3, div.Nx9bqj (tried for 15 second(s) with 500 milliseconds interval)
Build info: version: '4.22.0', revision: 'c5f3146703*'
System info: os.name: 'Windows 11', os.arch: 'amd64', os.version: '10.0', java.version: '25.0.3'
Driver info: org.openqa.selenium.chrome.ChromeDriver
Capabilities {acceptInsecureCerts: false, browserName: chrome, browserVersion: 149.0.7827.197, chrome: {chromedriverVersion: 149.0.7827.155 (07b52360cc1..., userDataDir: C:\WINDOWS\SystemTemp\scope...}, fedcm:accounts: true, goog:chromeOptions: {debuggerAddress: localhost:27998}, goog:processID: 8036, networkConnectionEnabled: false, pageLoadStrategy: normal, platformName: windows, proxy: Proxy(), se:cdp: ws://localhost:27998/devtoo..., se:cdpVersion: 149.0.7827.197, setWindowRect: true, strictFileInteractability: false, timeouts: {implicit: 0, pageLoad: 300000, script: 30000}, unhandledPromptBehavior: dismiss and notify, webauthn:extension:credBlob: true, webauthn:extension:largeBlob: true, webauthn:extension:minPinLength: true, webauthn:extension:prf: true, webauthn:virtualAuthenticators: true}
Session ID: d2e7e348f61c8c22310aacc1a9f5500d
	at org.openqa.selenium.support.ui.WebDriverWait.timeoutException(WebDriverWait.java:84)
	at org.openqa.selenium.support.ui.FluentWait.until(FluentWait.java:228)
	at com.flipkart.pages.BasePage.waitForAllVisible(BasePage.java:32)
	at com.flipkart.pages.SearchResultsPage.getAllDisplayedPrices(SearchResultsPage.java:41)
	at com.flipkart.stepdefinitions.SortAndFilterSteps.prices_should_be_descending(SortAndFilterSteps.java:35)
	at ✽.the displayed prices should be in descending order(file:///C:/Users/Abhijit%20maske/Downloads/FlipkartAutomation%20(1)/FlipkartAutomation/src/test/resources/features/SortAndFilter.feature:19)

com.flipkart.runner.TestRunner.runScenario["Filter products by customer rating", "Sorting and Filtering Search Results"](21) -- Time elapsed: 41.13 s <<< FAILURE!
java.lang.AssertionError: No products displayed after applying rating filter expected [true] but found [false]
	at org.testng.Assert.fail(Assert.java:111)
	at org.testng.Assert.failNotEquals(Assert.java:1578)
	at org.testng.Assert.assertTrue(Assert.java:57)
	at com.flipkart.stepdefinitions.SortAndFilterSteps.all_products_should_have_rating_above(SortAndFilterSteps.java:48)
	at ✽.all displayed products should have rating 4 stars or above(file:///C:/Users/Abhijit%20maske/Downloads/FlipkartAutomation%20(1)/FlipkartAutomation/src/test/resources/features/SortAndFilter.feature:24)

