<?xml version="1.0" encoding="UTF-8"?>
<testsuite xmlns:xsi="http://www.w3.org/2001/XMLSchema-instance" xsi:noNamespaceSchemaLocation="https://maven.apache.org/surefire/maven-surefire-plugin/xsd/surefire-test-report-3.0.xsd" version="3.0" name="TestSuite" time="779.009" tests="21" errors="0" skipped="0" failures="17">
  <properties>
[...]
</properties>
  <testcase name="runScenario[&quot;Add a product to cart from product page&quot;, &quot;Shopping Cart Operations&quot;](1)" classname="com.flipkart.runner.TestRunner" time="54.929">
    <system-out><![CDATA[
@cart @smoke
Scenario: Add a product to cart from product page # src/test/resources/features/Cart.feature:11
  Given the user is on the Flipkart home page     # com.flipkart.stepdefinitions.SearchSteps.the_user_is_on_the_flipkart_home_page()
  When the user searches for "watches"            # com.flipkart.stepdefinitions.SearchSteps.the_user_searches_for(java.lang.String)
  And clicks on the first product                 # com.flipkart.stepdefinitions.CartSteps.clicks_on_the_first_product()
  And adds the product to cart                    # com.flipkart.stepdefinitions.CartSteps.adds_the_product_to_cart()
Cart count: 0
Login required - skipping
  Then the cart should contain at least 1 item    # com.flipkart.stepdefinitions.CartSteps.the_cart_should_contain_at_least_item(java.lang.Integer)
]]></system-out>
    <system-err><![CDATA[SLF4J(W): No SLF4J providers were found.
SLF4J(W): Defaulting to no-operation (NOP) logger implementation
SLF4J(W): See https://www.slf4j.org/codes.html#noProviders for further details.
Jul 02, 2026 11:25:09 AM org.openqa.selenium.devtools.CdpVersionFinder findNearestMatch
WARNING: Unable to find CDP implementation matching 149
Jul 02, 2026 11:25:09 AM org.openqa.selenium.chromium.ChromiumDriver lambda$new$5
WARNING: Unable to find version of CDP to use for 149.0.7827.197. You may need to include a dependency on a specific version of the CDP using something similar to `org.seleniumhq.selenium:selenium-devtools-v86:4.22.0` where the version ("v86") matches the version of the chromium-based browser you're using and the version number of the artifact is the same as Selenium's.
]]></system-err>
  </testcase>
  <testcase name="runScenario[&quot;Remove a product from the cart&quot;, &quot;Shopping Cart Operations&quot;](2)" classname="com.flipkart.runner.TestRunner" time="73.577">
    <failure message="Expected condition failed: waiting for visibility of element located by By.xpath: //div[contains(text(),&apos;REMOVE&apos;)] (tried for 15 second(s) with 500 milliseconds interval)&#10;Build info: version: &apos;4.22.0&apos;, revision: &apos;c5f3146703*&apos;&#10;System info: os.name: &apos;Windows 11&apos;, os.arch: &apos;amd64&apos;, os.version: &apos;10.0&apos;, java.version: &apos;25.0.3&apos;&#10;Driver info: org.openqa.selenium.chrome.ChromeDriver&#10;Capabilities {acceptInsecureCerts: false, browserName: chrome, browserVersion: 149.0.7827.197, chrome: {chromedriverVersion: 149.0.7827.155 (07b52360cc1..., userDataDir: C:\WINDOWS\SystemTemp\scope...}, fedcm:accounts: true, goog:chromeOptions: {debuggerAddress: localhost:49241}, goog:processID: 29416, networkConnectionEnabled: false, pageLoadStrategy: normal, platformName: windows, proxy: Proxy(), se:cdp: ws://localhost:49241/devtoo..., se:cdpVersion: 149.0.7827.197, setWindowRect: true, strictFileInteractability: false, timeouts: {implicit: 0, pageLoad: 300000, script: 30000}, unhandledPromptBehavior: dismiss and notify, webauthn:extension:credBlob: true, webauthn:extension:largeBlob: true, webauthn:extension:minPinLength: true, webauthn:extension:prf: true, webauthn:virtualAuthenticators: true}&#10;Session ID: 9a0efabb711ce36d1ea48d97efef90b2" type="org.openqa.selenium.TimeoutException"><![CDATA[org.openqa.selenium.TimeoutException: 
Expected condition failed: waiting for visibility of element located by By.xpath: //div[contains(text(),'REMOVE')] (tried for 15 second(s) with 500 milliseconds interval)
Build info: version: '4.22.0', revision: 'c5f3146703*'
System info: os.name: 'Windows 11', os.arch: 'amd64', os.version: '10.0', java.version: '25.0.3'
Driver info: org.openqa.selenium.chrome.ChromeDriver
Capabilities {acceptInsecureCerts: false, browserName: chrome, browserVersion: 149.0.7827.197, chrome: {chromedriverVersion: 149.0.7827.155 (07b52360cc1..., userDataDir: C:\WINDOWS\SystemTemp\scope...}, fedcm:accounts: true, goog:chromeOptions: {debuggerAddress: localhost:49241}, goog:processID: 29416, networkConnectionEnabled: false, pageLoadStrategy: normal, platformName: windows, proxy: Proxy(), se:cdp: ws://localhost:49241/devtoo..., se:cdpVersion: 149.0.7827.197, setWindowRect: true, strictFileInteractability: false, timeouts: {implicit: 0, pageLoad: 300000, script: 30000}, unhandledPromptBehavior: dismiss and notify, webauthn:extension:credBlob: true, webauthn:extension:largeBlob: true, webauthn:extension:minPinLength: true, webauthn:extension:prf: true, webauthn:virtualAuthenticators: true}
Session ID: 9a0efabb711ce36d1ea48d97efef90b2
	at org.openqa.selenium.support.ui.WebDriverWait.timeoutException(WebDriverWait.java:84)
	at org.openqa.selenium.support.ui.FluentWait.until(FluentWait.java:228)
	at com.flipkart.pages.BasePage.waitForVisibility(BasePage.java:24)
	at com.flipkart.pages.BasePage.click(BasePage.java:40)
	at com.flipkart.pages.CartPage.removeFirstItem(CartPage.java:35)
	at com.flipkart.stepdefinitions.CartSteps.the_user_removes_the_first_item_from_cart(CartSteps.java:51)
	at ✽.the user removes the first item from cart(file:///C:/Users/Abhijit%20maske/Downloads/FlipkartAutomation%20(1)/FlipkartAutomation/src/test/resources/features/Cart.feature:22)
]]></failure>
    <system-out><![CDATA[
@cart @regression
Scenario: Remove a product from the cart        # src/test/resources/features/Cart.feature:18
  Given the user is on the Flipkart home page   # com.flipkart.stepdefinitions.SearchSteps.the_user_is_on_the_flipkart_home_page()
  When the user searches for "watches"          # com.flipkart.stepdefinitions.SearchSteps.the_user_searches_for(java.lang.String)
  And clicks on the first product               # com.flipkart.stepdefinitions.CartSteps.clicks_on_the_first_product()
  And adds the product to cart                  # com.flipkart.stepdefinitions.CartSteps.adds_the_product_to_cart()
  And the user removes the first item from cart # com.flipkart.stepdefinitions.CartSteps.the_user_removes_the_first_item_from_cart()
      org.openqa.selenium.TimeoutException: Expected condition failed: waiting for visibility of element located by By.xpath: //div[contains(text(),'REMOVE')] (tried for 15 second(s) with 500 milliseconds interval)
Build info: version: '4.22.0', revision: 'c5f3146703*'
System info: os.name: 'Windows 11', os.arch: 'amd64', os.version: '10.0', java.version: '25.0.3'
Driver info: org.openqa.selenium.chrome.ChromeDriver
Capabilities {acceptInsecureCerts: false, browserName: chrome, browserVersion: 149.0.7827.197, chrome: {chromedriverVersion: 149.0.7827.155 (07b52360cc1..., userDataDir: C:\WINDOWS\SystemTemp\scope...}, fedcm:accounts: true, goog:chromeOptions: {debuggerAddress: localhost:49241}, goog:processID: 29416, networkConnectionEnabled: false, pageLoadStrategy: normal, platformName: windows, proxy: Proxy(), se:cdp: ws://localhost:49241/devtoo..., se:cdpVersion: 149.0.7827.197, setWindowRect: true, strictFileInteractability: false, timeouts: {implicit: 0, pageLoad: 300000, script: 30000}, unhandledPromptBehavior: dismiss and notify, webauthn:extension:credBlob: true, webauthn:extension:largeBlob: true, webauthn:extension:minPinLength: true, webauthn:extension:prf: true, webauthn:virtualAuthenticators: true}
Session ID: 9a0efabb711ce36d1ea48d97efef90b2
	at org.openqa.selenium.support.ui.WebDriverWait.timeoutException(WebDriverWait.java:84)
	at org.openqa.selenium.support.ui.FluentWait.until(FluentWait.java:228)
	at com.flipkart.pages.BasePage.waitForVisibility(BasePage.java:24)
	at com.flipkart.pages.BasePage.click(BasePage.java:40)
	at com.flipkart.pages.CartPage.removeFirstItem(CartPage.java:35)
	at com.flipkart.stepdefinitions.CartSteps.the_user_removes_the_first_item_from_cart(CartSteps.java:51)
	at ✽.the user removes the first item from cart(file:///C:/Users/Abhijit%20maske/Downloads/FlipkartAutomation%20(1)/FlipkartAutomation/src/test/resources/features/Cart.feature:22)


    Embedding Remove a product from the cart [image/png 223682 bytes]

  Then the cart should be empty                 # com.flipkart.stepdefinitions.CartSteps.the_cart_should_be_empty()
]]></system-out>
    <system-err><![CDATA[Jul 02, 2026 11:26:02 AM org.openqa.selenium.devtools.CdpVersionFinder findNearestMatch
WARNING: Unable to find CDP implementation matching 149
Jul 02, 2026 11:26:02 AM org.openqa.selenium.chromium.ChromiumDriver lambda$new$5
WARNING: Unable to find version of CDP to use for 149.0.7827.197. You may need to include a dependency on a specific version of the CDP using something similar to `org.seleniumhq.selenium:selenium-devtools-v86:4.22.0` where the version ("v86") matches the version of the chromium-based browser you're using and the version number of the artifact is the same as Selenium's.
]]></system-err>
  </testcase>
  <testcase name="runScenario[&quot;Verify cart item title matches the added product&quot;, &quot;Shopping Cart Operations&quot;](3)" classname="com.flipkart.runner.TestRunner" time="52.741">
    <failure message="Expected condition failed: waiting for visibility of all elements located by By.cssSelector: div._3vQYRY, div.col.col-7-12 a (tried for 15 second(s) with 500 milliseconds interval)&#10;Build info: version: &apos;4.22.0&apos;, revision: &apos;c5f3146703*&apos;&#10;System info: os.name: &apos;Windows 11&apos;, os.arch: &apos;amd64&apos;, os.version: &apos;10.0&apos;, java.version: &apos;25.0.3&apos;&#10;Driver info: org.openqa.selenium.chrome.ChromeDriver&#10;Capabilities {acceptInsecureCerts: false, browserName: chrome, browserVersion: 149.0.7827.197, chrome: {chromedriverVersion: 149.0.7827.155 (07b52360cc1..., userDataDir: C:\WINDOWS\SystemTemp\scope...}, fedcm:accounts: true, goog:chromeOptions: {debuggerAddress: localhost:10989}, goog:processID: 12400, networkConnectionEnabled: false, pageLoadStrategy: normal, platformName: windows, proxy: Proxy(), se:cdp: ws://localhost:10989/devtoo..., se:cdpVersion: 149.0.7827.197, setWindowRect: true, strictFileInteractability: false, timeouts: {implicit: 0, pageLoad: 300000, script: 30000}, unhandledPromptBehavior: dismiss and notify, webauthn:extension:credBlob: true, webauthn:extension:largeBlob: true, webauthn:extension:minPinLength: true, webauthn:extension:prf: true, webauthn:virtualAuthenticators: true}&#10;Session ID: 83c9491220510e9cd8de31207982439a" type="org.openqa.selenium.TimeoutException"><![CDATA[org.openqa.selenium.TimeoutException: 
Expected condition failed: waiting for visibility of all elements located by By.cssSelector: div._3vQYRY, div.col.col-7-12 a (tried for 15 second(s) with 500 milliseconds interval)
Build info: version: '4.22.0', revision: 'c5f3146703*'
System info: os.name: 'Windows 11', os.arch: 'amd64', os.version: '10.0', java.version: '25.0.3'
Driver info: org.openqa.selenium.chrome.ChromeDriver
Capabilities {acceptInsecureCerts: false, browserName: chrome, browserVersion: 149.0.7827.197, chrome: {chromedriverVersion: 149.0.7827.155 (07b52360cc1..., userDataDir: C:\WINDOWS\SystemTemp\scope...}, fedcm:accounts: true, goog:chromeOptions: {debuggerAddress: localhost:10989}, goog:processID: 12400, networkConnectionEnabled: false, pageLoadStrategy: normal, platformName: windows, proxy: Proxy(), se:cdp: ws://localhost:10989/devtoo..., se:cdpVersion: 149.0.7827.197, setWindowRect: true, strictFileInteractability: false, timeouts: {implicit: 0, pageLoad: 300000, script: 30000}, unhandledPromptBehavior: dismiss and notify, webauthn:extension:credBlob: true, webauthn:extension:largeBlob: true, webauthn:extension:minPinLength: true, webauthn:extension:prf: true, webauthn:virtualAuthenticators: true}
Session ID: 83c9491220510e9cd8de31207982439a
	at org.openqa.selenium.support.ui.WebDriverWait.timeoutException(WebDriverWait.java:84)
	at org.openqa.selenium.support.ui.FluentWait.until(FluentWait.java:228)
	at com.flipkart.pages.BasePage.waitForAllVisible(BasePage.java:32)
	at com.flipkart.pages.CartPage.getCartItemTitles(CartPage.java:48)
	at com.flipkart.stepdefinitions.CartSteps.the_cart_item_title_should_match_product_added(CartSteps.java:61)
	at ✽.the cart item title should match the product added(file:///C:/Users/Abhijit%20maske/Downloads/FlipkartAutomation%20(1)/FlipkartAutomation/src/test/resources/features/Cart.feature:30)
]]></failure>
    <system-out><![CDATA[
@cart @regression
Scenario: Verify cart item title matches the added product # src/test/resources/features/Cart.feature:26
  Given the user is on the Flipkart home page              # com.flipkart.stepdefinitions.SearchSteps.the_user_is_on_the_flipkart_home_page()
  When the user searches for "watches"                     # com.flipkart.stepdefinitions.SearchSteps.the_user_searches_for(java.lang.String)
  And clicks on the first product                          # com.flipkart.stepdefinitions.CartSteps.clicks_on_the_first_product()
  And adds the product to cart                             # com.flipkart.stepdefinitions.CartSteps.adds_the_product_to_cart()
  Then the cart item title should match the product added  # com.flipkart.stepdefinitions.CartSteps.the_cart_item_title_should_match_product_added()
      org.openqa.selenium.TimeoutException: Expected condition failed: waiting for visibility of all elements located by By.cssSelector: div._3vQYRY, div.col.col-7-12 a (tried for 15 second(s) with 500 milliseconds interval)
Build info: version: '4.22.0', revision: 'c5f3146703*'
System info: os.name: 'Windows 11', os.arch: 'amd64', os.version: '10.0', java.version: '25.0.3'
Driver info: org.openqa.selenium.chrome.ChromeDriver
Capabilities {acceptInsecureCerts: false, browserName: chrome, browserVersion: 149.0.7827.197, chrome: {chromedriverVersion: 149.0.7827.155 (07b52360cc1..., userDataDir: C:\WINDOWS\SystemTemp\scope...}, fedcm:accounts: true, goog:chromeOptions: {debuggerAddress: localhost:10989}, goog:processID: 12400, networkConnectionEnabled: false, pageLoadStrategy: normal, platformName: windows, proxy: Proxy(), se:cdp: ws://localhost:10989/devtoo..., se:cdpVersion: 149.0.7827.197, setWindowRect: true, strictFileInteractability: false, timeouts: {implicit: 0, pageLoad: 300000, script: 30000}, unhandledPromptBehavior: dismiss and notify, webauthn:extension:credBlob: true, webauthn:extension:largeBlob: true, webauthn:extension:minPinLength: true, webauthn:extension:prf: true, webauthn:virtualAuthenticators: true}
Session ID: 83c9491220510e9cd8de31207982439a
	at org.openqa.selenium.support.ui.WebDriverWait.timeoutException(WebDriverWait.java:84)
	at org.openqa.selenium.support.ui.FluentWait.until(FluentWait.java:228)
	at com.flipkart.pages.BasePage.waitForAllVisible(BasePage.java:32)
	at com.flipkart.pages.CartPage.getCartItemTitles(CartPage.java:48)
	at com.flipkart.stepdefinitions.CartSteps.the_cart_item_title_should_match_product_added(CartSteps.java:61)
	at ✽.the cart item title should match the product added(file:///C:/Users/Abhijit%20maske/Downloads/FlipkartAutomation%20(1)/FlipkartAutomation/src/test/resources/features/Cart.feature:30)


    Embedding Verify cart item title matches the added product [image/png 151874 bytes]

]]></system-out>
    <system-err><![CDATA[Jul 02, 2026 11:27:16 AM org.openqa.selenium.devtools.CdpVersionFinder findNearestMatch
WARNING: Unable to find CDP implementation matching 149
Jul 02, 2026 11:27:16 AM org.openqa.selenium.chromium.ChromiumDriver lambda$new$5
WARNING: Unable to find version of CDP to use for 149.0.7827.197. You may need to include a dependency on a specific version of the CDP using something similar to `org.seleniumhq.selenium:selenium-devtools-v86:4.22.0` where the version ("v86") matches the version of the chromium-based browser you're using and the version number of the artifact is the same as Selenium's.
]]></system-err>
  </testcase>
  <testcase name="runScenario[&quot;Search using data-driven inputs from Excel&quot;, &quot;Data-Driven Product Search&quot;](4)" classname="com.flipkart.runner.TestRunner" time="1.781">
    <failure message="Failed to read Excel file: src/test/resources/testdata/SearchTestData.xlsx" type="java.lang.RuntimeException"><![CDATA[java.lang.RuntimeException: Failed to read Excel file: src/test/resources/testdata/SearchTestData.xlsx
	at com.flipkart.utils.ExcelUtils.readSheet(ExcelUtils.java:39)
	at com.flipkart.stepdefinitions.DataDrivenSteps.test_data_is_loaded_from_sheet(DataDrivenSteps.java:25)
	at ✽.test data is loaded from "src/test/resources/testdata/SearchTestData.xlsx" sheet "SearchData"(file:///C:/Users/Abhijit%20maske/Downloads/FlipkartAutomation%20(1)/FlipkartAutomation/src/test/resources/features/DataDrivenSearch.feature:9)
Caused by: java.io.FileNotFoundException: src\test\resources\testdata\SearchTestData.xlsx (The system cannot find the path specified)
	at java.base/java.io.FileInputStream.open0(Native Method)
	at java.base/java.io.FileInputStream.open(FileInputStream.java:185)
	at java.base/java.io.FileInputStream.<init>(FileInputStream.java:139)
	at java.base/java.io.FileInputStream.<init>(FileInputStream.java:109)
	at com.flipkart.utils.ExcelUtils.readSheet(ExcelUtils.java:15)
	at com.flipkart.stepdefinitions.DataDrivenSteps.test_data_is_loaded_from_sheet(DataDrivenSteps.java:25)
	at java.base/jdk.internal.reflect.DirectMethodHandleAccessor.invoke(DirectMethodHandleAccessor.java:104)
	at java.base/java.lang.reflect.Method.invoke(Method.java:565)
	at io.cucumber.java.Invoker.doInvoke(Invoker.java:66)
	at io.cucumber.java.Invoker.invoke(Invoker.java:24)
	at io.cucumber.java.AbstractGlueDefinition.invokeMethod(AbstractGlueDefinition.java:47)
	at io.cucumber.java.JavaStepDefinition.execute(JavaStepDefinition.java:29)
	at io.cucumber.core.runner.CoreStepDefinition.execute(CoreStepDefinition.java:66)
	at io.cucumber.core.runner.PickleStepDefinitionMatch.runStep(PickleStepDefinitionMatch.java:63)
	at io.cucumber.core.runner.ExecutionMode$1.execute(ExecutionMode.java:10)
	at io.cucumber.core.runner.TestStep.executeStep(TestStep.java:81)
	at io.cucumber.core.runner.TestStep.run(TestStep.java:53)
	at io.cucumber.core.runner.PickleStepTestStep.run(PickleStepTestStep.java:51)
	at io.cucumber.core.runner.TestCase.run(TestCase.java:84)
	at io.cucumber.core.runner.Runner.runPickle(Runner.java:75)
	at io.cucumber.testng.TestNGCucumberRunner.lambda$runScenario$1(TestNGCucumberRunner.java:132)
	at io.cucumber.core.runtime.CucumberExecutionContext.lambda$runTestCase$5(CucumberExecutionContext.java:136)
	at io.cucumber.core.runtime.RethrowingThrowableCollector.executeAndThrow(RethrowingThrowableCollector.java:23)
	at io.cucumber.core.runtime.CucumberExecutionContext.runTestCase(CucumberExecutionContext.java:136)
	at io.cucumber.testng.TestNGCucumberRunner.runScenario(TestNGCucumberRunner.java:129)
	at io.cucumber.testng.AbstractTestNGCucumberTests.runScenario(AbstractTestNGCucumberTests.java:35)
	at java.base/jdk.internal.reflect.DirectMethodHandleAccessor.invoke(DirectMethodHandleAccessor.java:104)
	at java.base/java.lang.reflect.Method.invoke(Method.java:565)
	at org.testng.internal.invokers.MethodInvocationHelper.invokeMethod(MethodInvocationHelper.java:141)
	at org.testng.internal.invokers.TestInvoker.invokeMethod(TestInvoker.java:686)
	at org.testng.internal.invokers.TestInvoker.invokeTestMethod(TestInvoker.java:230)
	at org.testng.internal.invokers.MethodRunner.runInSequence(MethodRunner.java:63)
	at org.testng.internal.invokers.TestInvoker$MethodInvocationAgent.invoke(TestInvoker.java:992)
	at org.testng.internal.invokers.TestInvoker.invokeTestMethods(TestInvoker.java:203)
	at org.testng.internal.invokers.TestMethodWorker.invokeTestMethods(TestMethodWorker.java:154)
	at org.testng.internal.invokers.TestMethodWorker.run(TestMethodWorker.java:134)
	at java.base/java.util.ArrayList.forEach(ArrayList.java:1604)
	at org.testng.TestRunner.privateRun(TestRunner.java:739)
	at org.testng.TestRunner.run(TestRunner.java:614)
	at org.testng.SuiteRunner.runTest(SuiteRunner.java:421)
	at org.testng.SuiteRunner.runSequentially(SuiteRunner.java:413)
	at org.testng.SuiteRunner.privateRun(SuiteRunner.java:373)
	at org.testng.SuiteRunner.run(SuiteRunner.java:312)
	at org.testng.SuiteRunnerWorker.runSuite(SuiteRunnerWorker.java:52)
	at org.testng.SuiteRunnerWorker.run(SuiteRunnerWorker.java:95)
	at org.testng.TestNG.runSuitesSequentially(TestNG.java:1274)
	at org.testng.TestNG.runSuitesLocally(TestNG.java:1208)
	at org.testng.TestNG.runSuites(TestNG.java:1112)
	at org.testng.TestNG.run(TestNG.java:1079)
	at org.apache.maven.surefire.testng.TestNGExecutor.run(TestNGExecutor.java:308)
	at org.apache.maven.surefire.testng.TestNGXmlTestSuite.execute(TestNGXmlTestSuite.java:71)
	at org.apache.maven.surefire.testng.TestNGProvider.invoke(TestNGProvider.java:113)
	at org.apache.maven.surefire.booter.ForkedBooter.runSuitesInProcess(ForkedBooter.java:385)
	at org.apache.maven.surefire.booter.ForkedBooter.execute(ForkedBooter.java:162)
	at org.apache.maven.surefire.booter.ForkedBooter.run(ForkedBooter.java:507)
	at org.apache.maven.surefire.booter.ForkedBooter.main(ForkedBooter.java:495)
]]></failure>
    <system-out><![CDATA[
@datadriven @regression
Scenario: Search using data-driven inputs from Excel                                                  # src/test/resources/features/DataDrivenSearch.feature:8
  Given test data is loaded from "src/test/resources/testdata/SearchTestData.xlsx" sheet "SearchData" # com.flipkart.stepdefinitions.DataDrivenSteps.test_data_is_loaded_from_sheet(java.lang.String,java.lang.String)
      java.lang.RuntimeException: Failed to read Excel file: src/test/resources/testdata/SearchTestData.xlsx
	at com.flipkart.utils.ExcelUtils.readSheet(ExcelUtils.java:39)
	at com.flipkart.stepdefinitions.DataDrivenSteps.test_data_is_loaded_from_sheet(DataDrivenSteps.java:25)
	at ✽.test data is loaded from "src/test/resources/testdata/SearchTestData.xlsx" sheet "SearchData"(file:///C:/Users/Abhijit%20maske/Downloads/FlipkartAutomation%20(1)/FlipkartAutomation/src/test/resources/features/DataDrivenSearch.feature:9)
Caused by: java.io.FileNotFoundException: src\test\resources\testdata\SearchTestData.xlsx (The system cannot find the path specified)
	at java.base/java.io.FileInputStream.open0(Native Method)
	at java.base/java.io.FileInputStream.open(FileInputStream.java:185)
	at java.base/java.io.FileInputStream.<init>(FileInputStream.java:139)
	at java.base/java.io.FileInputStream.<init>(FileInputStream.java:109)
	at com.flipkart.utils.ExcelUtils.readSheet(ExcelUtils.java:15)
	at com.flipkart.stepdefinitions.DataDrivenSteps.test_data_is_loaded_from_sheet(DataDrivenSteps.java:25)
	at java.base/jdk.internal.reflect.DirectMethodHandleAccessor.invoke(DirectMethodHandleAccessor.java:104)
	at java.base/java.lang.reflect.Method.invoke(Method.java:565)
	at io.cucumber.java.Invoker.doInvoke(Invoker.java:66)
	at io.cucumber.java.Invoker.invoke(Invoker.java:24)
	at io.cucumber.java.AbstractGlueDefinition.invokeMethod(AbstractGlueDefinition.java:47)
	at io.cucumber.java.JavaStepDefinition.execute(JavaStepDefinition.java:29)
	at io.cucumber.core.runner.CoreStepDefinition.execute(CoreStepDefinition.java:66)
	at io.cucumber.core.runner.PickleStepDefinitionMatch.runStep(PickleStepDefinitionMatch.java:63)
	at io.cucumber.core.runner.ExecutionMode$1.execute(ExecutionMode.java:10)
	at io.cucumber.core.runner.TestStep.executeStep(TestStep.java:81)
	at io.cucumber.core.runner.TestStep.run(TestStep.java:53)
	at io.cucumber.core.runner.PickleStepTestStep.run(PickleStepTestStep.java:51)
	at io.cucumber.core.runner.TestCase.run(TestCase.java:84)
	at io.cucumber.core.runner.Runner.runPickle(Runner.java:75)
	at io.cucumber.testng.TestNGCucumberRunner.lambda$runScenario$1(TestNGCucumberRunner.java:132)
	at io.cucumber.core.runtime.CucumberExecutionContext.lambda$runTestCase$5(CucumberExecutionContext.java:136)
	at io.cucumber.core.runtime.RethrowingThrowableCollector.executeAndThrow(RethrowingThrowableCollector.java:23)
	at io.cucumber.core.runtime.CucumberExecutionContext.runTestCase(CucumberExecutionContext.java:136)
	at io.cucumber.testng.TestNGCucumberRunner.runScenario(TestNGCucumberRunner.java:129)
	at io.cucumber.testng.AbstractTestNGCucumberTests.runScenario(AbstractTestNGCucumberTests.java:35)
	at java.base/jdk.internal.reflect.DirectMethodHandleAccessor.invoke(DirectMethodHandleAccessor.java:104)
	at java.base/java.lang.reflect.Method.invoke(Method.java:565)
	at org.testng.internal.invokers.MethodInvocationHelper.invokeMethod(MethodInvocationHelper.java:141)
	at org.testng.internal.invokers.TestInvoker.invokeMethod(TestInvoker.java:686)
	at org.testng.internal.invokers.TestInvoker.invokeTestMethod(TestInvoker.java:230)
	at org.testng.internal.invokers.MethodRunner.runInSequence(MethodRunner.java:63)
	at org.testng.internal.invokers.TestInvoker$MethodInvocationAgent.invoke(TestInvoker.java:992)
	at org.testng.internal.invokers.TestInvoker.invokeTestMethods(TestInvoker.java:203)
	at org.testng.internal.invokers.TestMethodWorker.invokeTestMethods(TestMethodWorker.java:154)
	at org.testng.internal.invokers.TestMethodWorker.run(TestMethodWorker.java:134)
	at java.base/java.util.ArrayList.forEach(ArrayList.java:1604)
	at org.testng.TestRunner.privateRun(TestRunner.java:739)
	at org.testng.TestRunner.run(TestRunner.java:614)
	at org.testng.SuiteRunner.runTest(SuiteRunner.java:421)
	at org.testng.SuiteRunner.runSequentially(SuiteRunner.java:413)
	at org.testng.SuiteRunner.privateRun(SuiteRunner.java:373)
	at org.testng.SuiteRunner.run(SuiteRunner.java:312)
	at org.testng.SuiteRunnerWorker.runSuite(SuiteRunnerWorker.java:52)
	at org.testng.SuiteRunnerWorker.run(SuiteRunnerWorker.java:95)
	at org.testng.TestNG.runSuitesSequentially(TestNG.java:1274)
	at org.testng.TestNG.runSuitesLocally(TestNG.java:1208)
	at org.testng.TestNG.runSuites(TestNG.java:1112)
	at org.testng.TestNG.run(TestNG.java:1079)
	at org.apache.maven.surefire.testng.TestNGExecutor.run(TestNGExecutor.java:308)
	at org.apache.maven.surefire.testng.TestNGXmlTestSuite.execute(TestNGXmlTestSuite.java:71)
	at org.apache.maven.surefire.testng.TestNGProvider.invoke(TestNGProvider.java:113)
	at org.apache.maven.surefire.booter.ForkedBooter.runSuitesInProcess(ForkedBooter.java:385)
	at org.apache.maven.surefire.booter.ForkedBooter.execute(ForkedBooter.java:162)
	at org.apache.maven.surefire.booter.ForkedBooter.run(ForkedBooter.java:507)
	at org.apache.maven.surefire.booter.ForkedBooter.main(ForkedBooter.java:495)


    Embedding Search using data-driven inputs from Excel [image/png 3226 bytes]

  When the user is on the Flipkart home page                                                          # com.flipkart.stepdefinitions.SearchSteps.the_user_is_on_the_flipkart_home_page()
  And the user searches for each product from the test data                                           # com.flipkart.stepdefinitions.DataDrivenSteps.the_user_searches_for_each_product_from_test_data()
  Then each search should return at least the expected minimum number of results                      # com.flipkart.stepdefinitions.DataDrivenSteps.each_search_should_return_at_least_expected_minimum()
]]></system-out>
    <system-err><![CDATA[Jul 02, 2026 11:28:09 AM org.openqa.selenium.devtools.CdpVersionFinder findNearestMatch
WARNING: Unable to find CDP implementation matching 149
Jul 02, 2026 11:28:09 AM org.openqa.selenium.chromium.ChromiumDriver lambda$new$5
WARNING: Unable to find version of CDP to use for 149.0.7827.197. You may need to include a dependency on a specific version of the CDP using something similar to `org.seleniumhq.selenium:selenium-devtools-v86:4.22.0` where the version ("v86") matches the version of the chromium-based browser you're using and the version number of the artifact is the same as Selenium's.
]]></system-err>
  </testcase>
  <testcase name="runScenario[&quot;Verify order status is correctly stored in the database&quot;, &quot;Database Validation Layer&quot;](5)" classname="com.flipkart.runner.TestRunner" time="1.872">
    <system-out><![CDATA[
@database @backend
Scenario: Verify order status is correctly stored in the database # src/test/resources/features/DatabaseValidation.feature:8
  Given the orders table is seeded with sample data               # com.flipkart.stepdefinitions.DatabaseSteps.the_orders_table_is_seeded_with_sample_data()
  When the user queries the order with id 1                       # com.flipkart.stepdefinitions.DatabaseSteps.the_user_queries_the_order_with_id(java.lang.Integer)
  Then the order status should be "CONFIRMED"                     # com.flipkart.stepdefinitions.DatabaseSteps.the_order_status_should_be(java.lang.String)
  And the order price should be greater than 0                    # com.flipkart.stepdefinitions.DatabaseSteps.the_order_price_should_be_greater_than(java.lang.Integer)
]]></system-out>
    <system-err><![CDATA[Jul 02, 2026 11:28:10 AM org.openqa.selenium.devtools.CdpVersionFinder findNearestMatch
WARNING: Unable to find CDP implementation matching 149
Jul 02, 2026 11:28:10 AM org.openqa.selenium.chromium.ChromiumDriver lambda$new$5
WARNING: Unable to find version of CDP to use for 149.0.7827.197. You may need to include a dependency on a specific version of the CDP using something similar to `org.seleniumhq.selenium:selenium-devtools-v86:4.22.0` where the version ("v86") matches the version of the chromium-based browser you're using and the version number of the artifact is the same as Selenium's.
]]></system-err>
  </testcase>
  <testcase name="runScenario[&quot;Verify no orders exist with a negative price&quot;, &quot;Database Validation Layer&quot;](6)" classname="com.flipkart.runner.TestRunner" time="1.474">
    <system-out><![CDATA[
@database @backend
Scenario: Verify no orders exist with a negative price # src/test/resources/features/DatabaseValidation.feature:15
  Given the orders table is seeded with sample data    # com.flipkart.stepdefinitions.DatabaseSteps.the_orders_table_is_seeded_with_sample_data()
  When the user queries all orders                     # com.flipkart.stepdefinitions.DatabaseSteps.the_user_queries_all_orders()
  Then no order should have a negative price           # com.flipkart.stepdefinitions.DatabaseSteps.no_order_should_have_negative_price()
]]></system-out>
    <system-err><![CDATA[Jul 02, 2026 11:28:13 AM org.openqa.selenium.devtools.CdpVersionFinder findNearestMatch
WARNING: Unable to find CDP implementation matching 149
Jul 02, 2026 11:28:13 AM org.openqa.selenium.chromium.ChromiumDriver lambda$new$5
WARNING: Unable to find version of CDP to use for 149.0.7827.197. You may need to include a dependency on a specific version of the CDP using something similar to `org.seleniumhq.selenium:selenium-devtools-v86:4.22.0` where the version ("v86") matches the version of the chromium-based browser you're using and the version number of the artifact is the same as Selenium's.
]]></system-err>
  </testcase>
  <testcase name="runScenario[&quot;Login with valid mobile number format triggers OTP request&quot;, &quot;Login Functionality&quot;](7)" classname="com.flipkart.runner.TestRunner" time="37.425">
    <failure message="Expected condition failed: waiting for visibility of element located by By.cssSelector: input.r4vIwl, input._2IX_2- (tried for 15 second(s) with 500 milliseconds interval)&#10;Build info: version: &apos;4.22.0&apos;, revision: &apos;c5f3146703*&apos;&#10;System info: os.name: &apos;Windows 11&apos;, os.arch: &apos;amd64&apos;, os.version: &apos;10.0&apos;, java.version: &apos;25.0.3&apos;&#10;Driver info: org.openqa.selenium.chrome.ChromeDriver&#10;Capabilities {acceptInsecureCerts: false, browserName: chrome, browserVersion: 149.0.7827.197, chrome: {chromedriverVersion: 149.0.7827.155 (07b52360cc1..., userDataDir: C:\WINDOWS\SystemTemp\scope...}, fedcm:accounts: true, goog:chromeOptions: {debuggerAddress: localhost:21037}, goog:processID: 13684, networkConnectionEnabled: false, pageLoadStrategy: normal, platformName: windows, proxy: Proxy(), se:cdp: ws://localhost:21037/devtoo..., se:cdpVersion: 149.0.7827.197, setWindowRect: true, strictFileInteractability: false, timeouts: {implicit: 0, pageLoad: 300000, script: 30000}, unhandledPromptBehavior: dismiss and notify, webauthn:extension:credBlob: true, webauthn:extension:largeBlob: true, webauthn:extension:minPinLength: true, webauthn:extension:prf: true, webauthn:virtualAuthenticators: true}&#10;Session ID: d9bd3a8e0a3fda394b335907b93c3172" type="org.openqa.selenium.TimeoutException"><![CDATA[org.openqa.selenium.TimeoutException: 
Expected condition failed: waiting for visibility of element located by By.cssSelector: input.r4vIwl, input._2IX_2- (tried for 15 second(s) with 500 milliseconds interval)
Build info: version: '4.22.0', revision: 'c5f3146703*'
System info: os.name: 'Windows 11', os.arch: 'amd64', os.version: '10.0', java.version: '25.0.3'
Driver info: org.openqa.selenium.chrome.ChromeDriver
Capabilities {acceptInsecureCerts: false, browserName: chrome, browserVersion: 149.0.7827.197, chrome: {chromedriverVersion: 149.0.7827.155 (07b52360cc1..., userDataDir: C:\WINDOWS\SystemTemp\scope...}, fedcm:accounts: true, goog:chromeOptions: {debuggerAddress: localhost:21037}, goog:processID: 13684, networkConnectionEnabled: false, pageLoadStrategy: normal, platformName: windows, proxy: Proxy(), se:cdp: ws://localhost:21037/devtoo..., se:cdpVersion: 149.0.7827.197, setWindowRect: true, strictFileInteractability: false, timeouts: {implicit: 0, pageLoad: 300000, script: 30000}, unhandledPromptBehavior: dismiss and notify, webauthn:extension:credBlob: true, webauthn:extension:largeBlob: true, webauthn:extension:minPinLength: true, webauthn:extension:prf: true, webauthn:virtualAuthenticators: true}
Session ID: d9bd3a8e0a3fda394b335907b93c3172
	at org.openqa.selenium.support.ui.WebDriverWait.timeoutException(WebDriverWait.java:84)
	at org.openqa.selenium.support.ui.FluentWait.until(FluentWait.java:228)
	at com.flipkart.pages.BasePage.waitForVisibility(BasePage.java:24)
	at com.flipkart.pages.BasePage.type(BasePage.java:58)
	at com.flipkart.pages.LoginPage.enterMobileOrEmail(LoginPage.java:18)
	at com.flipkart.stepdefinitions.LoginSteps.the_user_enters_mobile_number(LoginSteps.java:25)
	at ✽.the user enters mobile number "9876543210"(file:///C:/Users/Abhijit%20maske/Downloads/FlipkartAutomation%20(1)/FlipkartAutomation/src/test/resources/features/Login.feature:13)
]]></failure>
    <system-out><![CDATA[
@login @smoke
Scenario: Login with valid mobile number format triggers OTP request # src/test/resources/features/Login.feature:12
  Given the user is on the Flipkart home page                        # com.flipkart.stepdefinitions.SearchSteps.the_user_is_on_the_flipkart_home_page()
  And the user clicks on the Login button                            # com.flipkart.stepdefinitions.LoginSteps.the_user_clicks_on_the_login_button()
  When the user enters mobile number "9876543210"                    # com.flipkart.stepdefinitions.LoginSteps.the_user_enters_mobile_number(java.lang.String)
      org.openqa.selenium.TimeoutException: Expected condition failed: waiting for visibility of element located by By.cssSelector: input.r4vIwl, input._2IX_2- (tried for 15 second(s) with 500 milliseconds interval)
Build info: version: '4.22.0', revision: 'c5f3146703*'
System info: os.name: 'Windows 11', os.arch: 'amd64', os.version: '10.0', java.version: '25.0.3'
Driver info: org.openqa.selenium.chrome.ChromeDriver
Capabilities {acceptInsecureCerts: false, browserName: chrome, browserVersion: 149.0.7827.197, chrome: {chromedriverVersion: 149.0.7827.155 (07b52360cc1..., userDataDir: C:\WINDOWS\SystemTemp\scope...}, fedcm:accounts: true, goog:chromeOptions: {debuggerAddress: localhost:21037}, goog:processID: 13684, networkConnectionEnabled: false, pageLoadStrategy: normal, platformName: windows, proxy: Proxy(), se:cdp: ws://localhost:21037/devtoo..., se:cdpVersion: 149.0.7827.197, setWindowRect: true, strictFileInteractability: false, timeouts: {implicit: 0, pageLoad: 300000, script: 30000}, unhandledPromptBehavior: dismiss and notify, webauthn:extension:credBlob: true, webauthn:extension:largeBlob: true, webauthn:extension:minPinLength: true, webauthn:extension:prf: true, webauthn:virtualAuthenticators: true}
Session ID: d9bd3a8e0a3fda394b335907b93c3172
	at org.openqa.selenium.support.ui.WebDriverWait.timeoutException(WebDriverWait.java:84)
	at org.openqa.selenium.support.ui.FluentWait.until(FluentWait.java:228)
	at com.flipkart.pages.BasePage.waitForVisibility(BasePage.java:24)
	at com.flipkart.pages.BasePage.type(BasePage.java:58)
	at com.flipkart.pages.LoginPage.enterMobileOrEmail(LoginPage.java:18)
	at com.flipkart.stepdefinitions.LoginSteps.the_user_enters_mobile_number(LoginSteps.java:25)
	at ✽.the user enters mobile number "9876543210"(file:///C:/Users/Abhijit%20maske/Downloads/FlipkartAutomation%20(1)/FlipkartAutomation/src/test/resources/features/Login.feature:13)


    Embedding Login with valid mobile number format triggers OTP request [image/png 48675 bytes]

  And clicks Request OTP                                             # com.flipkart.stepdefinitions.LoginSteps.clicks_request_otp()
  Then an OTP input screen or confirmation should appear             # com.flipkart.stepdefinitions.LoginSteps.an_otp_input_screen_should_appear()
]]></system-out>
    <system-err><![CDATA[Jul 02, 2026 11:28:14 AM org.openqa.selenium.devtools.CdpVersionFinder findNearestMatch
WARNING: Unable to find CDP implementation matching 149
Jul 02, 2026 11:28:14 AM org.openqa.selenium.chromium.ChromiumDriver lambda$new$5
WARNING: Unable to find version of CDP to use for 149.0.7827.197. You may need to include a dependency on a specific version of the CDP using something similar to `org.seleniumhq.selenium:selenium-devtools-v86:4.22.0` where the version ("v86") matches the version of the chromium-based browser you're using and the version number of the artifact is the same as Selenium's.
]]></system-err>
  </testcase>
  <testcase name="runScenario[&quot;Login with invalid mobile number shows validation error&quot;, &quot;Login Functionality&quot;](8)" classname="com.flipkart.runner.TestRunner" time="38.835">
    <failure message="Expected condition failed: waiting for visibility of element located by By.cssSelector: input.r4vIwl, input._2IX_2- (tried for 15 second(s) with 500 milliseconds interval)&#10;Build info: version: &apos;4.22.0&apos;, revision: &apos;c5f3146703*&apos;&#10;System info: os.name: &apos;Windows 11&apos;, os.arch: &apos;amd64&apos;, os.version: &apos;10.0&apos;, java.version: &apos;25.0.3&apos;&#10;Driver info: org.openqa.selenium.chrome.ChromeDriver&#10;Capabilities {acceptInsecureCerts: false, browserName: chrome, browserVersion: 149.0.7827.197, chrome: {chromedriverVersion: 149.0.7827.155 (07b52360cc1..., userDataDir: C:\WINDOWS\SystemTemp\scope...}, fedcm:accounts: true, goog:chromeOptions: {debuggerAddress: localhost:47270}, goog:processID: 20200, networkConnectionEnabled: false, pageLoadStrategy: normal, platformName: windows, proxy: Proxy(), se:cdp: ws://localhost:47270/devtoo..., se:cdpVersion: 149.0.7827.197, setWindowRect: true, strictFileInteractability: false, timeouts: {implicit: 0, pageLoad: 300000, script: 30000}, unhandledPromptBehavior: dismiss and notify, webauthn:extension:credBlob: true, webauthn:extension:largeBlob: true, webauthn:extension:minPinLength: true, webauthn:extension:prf: true, webauthn:virtualAuthenticators: true}&#10;Session ID: 19d03a9cfa7db48cbca6ffff80b37e5e" type="org.openqa.selenium.TimeoutException"><![CDATA[org.openqa.selenium.TimeoutException: 
Expected condition failed: waiting for visibility of element located by By.cssSelector: input.r4vIwl, input._2IX_2- (tried for 15 second(s) with 500 milliseconds interval)
Build info: version: '4.22.0', revision: 'c5f3146703*'
System info: os.name: 'Windows 11', os.arch: 'amd64', os.version: '10.0', java.version: '25.0.3'
Driver info: org.openqa.selenium.chrome.ChromeDriver
Capabilities {acceptInsecureCerts: false, browserName: chrome, browserVersion: 149.0.7827.197, chrome: {chromedriverVersion: 149.0.7827.155 (07b52360cc1..., userDataDir: C:\WINDOWS\SystemTemp\scope...}, fedcm:accounts: true, goog:chromeOptions: {debuggerAddress: localhost:47270}, goog:processID: 20200, networkConnectionEnabled: false, pageLoadStrategy: normal, platformName: windows, proxy: Proxy(), se:cdp: ws://localhost:47270/devtoo..., se:cdpVersion: 149.0.7827.197, setWindowRect: true, strictFileInteractability: false, timeouts: {implicit: 0, pageLoad: 300000, script: 30000}, unhandledPromptBehavior: dismiss and notify, webauthn:extension:credBlob: true, webauthn:extension:largeBlob: true, webauthn:extension:minPinLength: true, webauthn:extension:prf: true, webauthn:virtualAuthenticators: true}
Session ID: 19d03a9cfa7db48cbca6ffff80b37e5e
	at org.openqa.selenium.support.ui.WebDriverWait.timeoutException(WebDriverWait.java:84)
	at org.openqa.selenium.support.ui.FluentWait.until(FluentWait.java:228)
	at com.flipkart.pages.BasePage.waitForVisibility(BasePage.java:24)
	at com.flipkart.pages.BasePage.type(BasePage.java:58)
	at com.flipkart.pages.LoginPage.enterMobileOrEmail(LoginPage.java:18)
	at com.flipkart.stepdefinitions.LoginSteps.the_user_enters_mobile_number(LoginSteps.java:25)
	at ✽.the user enters mobile number "12345"(file:///C:/Users/Abhijit%20maske/Downloads/FlipkartAutomation%20(1)/FlipkartAutomation/src/test/resources/features/Login.feature:19)
]]></failure>
    <system-out><![CDATA[
@login @negative
Scenario: Login with invalid mobile number shows validation error # src/test/resources/features/Login.feature:18
  Given the user is on the Flipkart home page                     # com.flipkart.stepdefinitions.SearchSteps.the_user_is_on_the_flipkart_home_page()
  And the user clicks on the Login button                         # com.flipkart.stepdefinitions.LoginSteps.the_user_clicks_on_the_login_button()
  When the user enters mobile number "12345"                      # com.flipkart.stepdefinitions.LoginSteps.the_user_enters_mobile_number(java.lang.String)
      org.openqa.selenium.TimeoutException: Expected condition failed: waiting for visibility of element located by By.cssSelector: input.r4vIwl, input._2IX_2- (tried for 15 second(s) with 500 milliseconds interval)
Build info: version: '4.22.0', revision: 'c5f3146703*'
System info: os.name: 'Windows 11', os.arch: 'amd64', os.version: '10.0', java.version: '25.0.3'
Driver info: org.openqa.selenium.chrome.ChromeDriver
Capabilities {acceptInsecureCerts: false, browserName: chrome, browserVersion: 149.0.7827.197, chrome: {chromedriverVersion: 149.0.7827.155 (07b52360cc1..., userDataDir: C:\WINDOWS\SystemTemp\scope...}, fedcm:accounts: true, goog:chromeOptions: {debuggerAddress: localhost:47270}, goog:processID: 20200, networkConnectionEnabled: false, pageLoadStrategy: normal, platformName: windows, proxy: Proxy(), se:cdp: ws://localhost:47270/devtoo..., se:cdpVersion: 149.0.7827.197, setWindowRect: true, strictFileInteractability: false, timeouts: {implicit: 0, pageLoad: 300000, script: 30000}, unhandledPromptBehavior: dismiss and notify, webauthn:extension:credBlob: true, webauthn:extension:largeBlob: true, webauthn:extension:minPinLength: true, webauthn:extension:prf: true, webauthn:virtualAuthenticators: true}
Session ID: 19d03a9cfa7db48cbca6ffff80b37e5e
	at org.openqa.selenium.support.ui.WebDriverWait.timeoutException(WebDriverWait.java:84)
	at org.openqa.selenium.support.ui.FluentWait.until(FluentWait.java:228)
	at com.flipkart.pages.BasePage.waitForVisibility(BasePage.java:24)
	at com.flipkart.pages.BasePage.type(BasePage.java:58)
	at com.flipkart.pages.LoginPage.enterMobileOrEmail(LoginPage.java:18)
	at com.flipkart.stepdefinitions.LoginSteps.the_user_enters_mobile_number(LoginSteps.java:25)
	at ✽.the user enters mobile number "12345"(file:///C:/Users/Abhijit%20maske/Downloads/FlipkartAutomation%20(1)/FlipkartAutomation/src/test/resources/features/Login.feature:19)


    Embedding Login with invalid mobile number shows validation error [image/png 48664 bytes]

  And clicks Request OTP                                          # com.flipkart.stepdefinitions.LoginSteps.clicks_request_otp()
  Then an error message should be displayed                       # com.flipkart.stepdefinitions.LoginSteps.an_error_message_should_be_displayed()
]]></system-out>
    <system-err><![CDATA[Jul 02, 2026 11:28:52 AM org.openqa.selenium.devtools.CdpVersionFinder findNearestMatch
WARNING: Unable to find CDP implementation matching 149
Jul 02, 2026 11:28:52 AM org.openqa.selenium.chromium.ChromiumDriver lambda$new$5
WARNING: Unable to find version of CDP to use for 149.0.7827.197. You may need to include a dependency on a specific version of the CDP using something similar to `org.seleniumhq.selenium:selenium-devtools-v86:4.22.0` where the version ("v86") matches the version of the chromium-based browser you're using and the version number of the artifact is the same as Selenium's.
]]></system-err>
  </testcase>
  <testcase name="runScenario[&quot;Login with various invalid inputs&quot;, &quot;Login Functionality&quot;](9)" classname="com.flipkart.runner.TestRunner" time="38.728">
    <failure message="Expected condition failed: waiting for visibility of element located by By.cssSelector: input.r4vIwl, input._2IX_2- (tried for 15 second(s) with 500 milliseconds interval)&#10;Build info: version: &apos;4.22.0&apos;, revision: &apos;c5f3146703*&apos;&#10;System info: os.name: &apos;Windows 11&apos;, os.arch: &apos;amd64&apos;, os.version: &apos;10.0&apos;, java.version: &apos;25.0.3&apos;&#10;Driver info: org.openqa.selenium.chrome.ChromeDriver&#10;Capabilities {acceptInsecureCerts: false, browserName: chrome, browserVersion: 149.0.7827.197, chrome: {chromedriverVersion: 149.0.7827.155 (07b52360cc1..., userDataDir: C:\WINDOWS\SystemTemp\scope...}, fedcm:accounts: true, goog:chromeOptions: {debuggerAddress: localhost:30578}, goog:processID: 16164, networkConnectionEnabled: false, pageLoadStrategy: normal, platformName: windows, proxy: Proxy(), se:cdp: ws://localhost:30578/devtoo..., se:cdpVersion: 149.0.7827.197, setWindowRect: true, strictFileInteractability: false, timeouts: {implicit: 0, pageLoad: 300000, script: 30000}, unhandledPromptBehavior: dismiss and notify, webauthn:extension:credBlob: true, webauthn:extension:largeBlob: true, webauthn:extension:minPinLength: true, webauthn:extension:prf: true, webauthn:virtualAuthenticators: true}&#10;Session ID: c3cb99b0d180d13f125a5a292281e35a" type="org.openqa.selenium.TimeoutException"><![CDATA[org.openqa.selenium.TimeoutException: 
Expected condition failed: waiting for visibility of element located by By.cssSelector: input.r4vIwl, input._2IX_2- (tried for 15 second(s) with 500 milliseconds interval)
Build info: version: '4.22.0', revision: 'c5f3146703*'
System info: os.name: 'Windows 11', os.arch: 'amd64', os.version: '10.0', java.version: '25.0.3'
Driver info: org.openqa.selenium.chrome.ChromeDriver
Capabilities {acceptInsecureCerts: false, browserName: chrome, browserVersion: 149.0.7827.197, chrome: {chromedriverVersion: 149.0.7827.155 (07b52360cc1..., userDataDir: C:\WINDOWS\SystemTemp\scope...}, fedcm:accounts: true, goog:chromeOptions: {debuggerAddress: localhost:30578}, goog:processID: 16164, networkConnectionEnabled: false, pageLoadStrategy: normal, platformName: windows, proxy: Proxy(), se:cdp: ws://localhost:30578/devtoo..., se:cdpVersion: 149.0.7827.197, setWindowRect: true, strictFileInteractability: false, timeouts: {implicit: 0, pageLoad: 300000, script: 30000}, unhandledPromptBehavior: dismiss and notify, webauthn:extension:credBlob: true, webauthn:extension:largeBlob: true, webauthn:extension:minPinLength: true, webauthn:extension:prf: true, webauthn:virtualAuthenticators: true}
Session ID: c3cb99b0d180d13f125a5a292281e35a
	at org.openqa.selenium.support.ui.WebDriverWait.timeoutException(WebDriverWait.java:84)
	at org.openqa.selenium.support.ui.FluentWait.until(FluentWait.java:228)
	at com.flipkart.pages.BasePage.waitForVisibility(BasePage.java:24)
	at com.flipkart.pages.BasePage.type(BasePage.java:58)
	at com.flipkart.pages.LoginPage.enterMobileOrEmail(LoginPage.java:18)
	at com.flipkart.stepdefinitions.LoginSteps.the_user_enters_mobile_number(LoginSteps.java:25)
	at ✽.the user enters mobile number "abcdefghij"(file:///C:/Users/Abhijit%20maske/Downloads/FlipkartAutomation%20(1)/FlipkartAutomation/src/test/resources/features/Login.feature:25)
]]></failure>
    <system-out><![CDATA[
@login @negative
Scenario Outline: Login with various invalid inputs # src/test/resources/features/Login.feature:31
  Given the user is on the Flipkart home page       # com.flipkart.stepdefinitions.SearchSteps.the_user_is_on_the_flipkart_home_page()
  And the user clicks on the Login button           # com.flipkart.stepdefinitions.LoginSteps.the_user_clicks_on_the_login_button()
  When the user enters mobile number "abcdefghij"   # com.flipkart.stepdefinitions.LoginSteps.the_user_enters_mobile_number(java.lang.String)
      org.openqa.selenium.TimeoutException: Expected condition failed: waiting for visibility of element located by By.cssSelector: input.r4vIwl, input._2IX_2- (tried for 15 second(s) with 500 milliseconds interval)
Build info: version: '4.22.0', revision: 'c5f3146703*'
System info: os.name: 'Windows 11', os.arch: 'amd64', os.version: '10.0', java.version: '25.0.3'
Driver info: org.openqa.selenium.chrome.ChromeDriver
Capabilities {acceptInsecureCerts: false, browserName: chrome, browserVersion: 149.0.7827.197, chrome: {chromedriverVersion: 149.0.7827.155 (07b52360cc1..., userDataDir: C:\WINDOWS\SystemTemp\scope...}, fedcm:accounts: true, goog:chromeOptions: {debuggerAddress: localhost:30578}, goog:processID: 16164, networkConnectionEnabled: false, pageLoadStrategy: normal, platformName: windows, proxy: Proxy(), se:cdp: ws://localhost:30578/devtoo..., se:cdpVersion: 149.0.7827.197, setWindowRect: true, strictFileInteractability: false, timeouts: {implicit: 0, pageLoad: 300000, script: 30000}, unhandledPromptBehavior: dismiss and notify, webauthn:extension:credBlob: true, webauthn:extension:largeBlob: true, webauthn:extension:minPinLength: true, webauthn:extension:prf: true, webauthn:virtualAuthenticators: true}
Session ID: c3cb99b0d180d13f125a5a292281e35a
	at org.openqa.selenium.support.ui.WebDriverWait.timeoutException(WebDriverWait.java:84)
	at org.openqa.selenium.support.ui.FluentWait.until(FluentWait.java:228)
	at com.flipkart.pages.BasePage.waitForVisibility(BasePage.java:24)
	at com.flipkart.pages.BasePage.type(BasePage.java:58)
	at com.flipkart.pages.LoginPage.enterMobileOrEmail(LoginPage.java:18)
	at com.flipkart.stepdefinitions.LoginSteps.the_user_enters_mobile_number(LoginSteps.java:25)
	at ✽.the user enters mobile number "abcdefghij"(file:///C:/Users/Abhijit%20maske/Downloads/FlipkartAutomation%20(1)/FlipkartAutomation/src/test/resources/features/Login.feature:25)


    Embedding Login with various invalid inputs [image/png 48675 bytes]

  And clicks Request OTP                            # com.flipkart.stepdefinitions.LoginSteps.clicks_request_otp()
  Then an error message should be displayed         # com.flipkart.stepdefinitions.LoginSteps.an_error_message_should_be_displayed()
]]></system-out>
    <system-err><![CDATA[Jul 02, 2026 11:29:30 AM org.openqa.selenium.devtools.CdpVersionFinder findNearestMatch
WARNING: Unable to find CDP implementation matching 149
Jul 02, 2026 11:29:30 AM org.openqa.selenium.chromium.ChromiumDriver lambda$new$5
WARNING: Unable to find version of CDP to use for 149.0.7827.197. You may need to include a dependency on a specific version of the CDP using something similar to `org.seleniumhq.selenium:selenium-devtools-v86:4.22.0` where the version ("v86") matches the version of the chromium-based browser you're using and the version number of the artifact is the same as Selenium's.
]]></system-err>
  </testcase>
  <testcase name="runScenario[&quot;Login with various invalid inputs&quot;, &quot;Login Functionality&quot;](10)" classname="com.flipkart.runner.TestRunner" time="39.733">
    <failure message="Expected condition failed: waiting for visibility of element located by By.cssSelector: input.r4vIwl, input._2IX_2- (tried for 15 second(s) with 500 milliseconds interval)&#10;Build info: version: &apos;4.22.0&apos;, revision: &apos;c5f3146703*&apos;&#10;System info: os.name: &apos;Windows 11&apos;, os.arch: &apos;amd64&apos;, os.version: &apos;10.0&apos;, java.version: &apos;25.0.3&apos;&#10;Driver info: org.openqa.selenium.chrome.ChromeDriver&#10;Capabilities {acceptInsecureCerts: false, browserName: chrome, browserVersion: 149.0.7827.197, chrome: {chromedriverVersion: 149.0.7827.155 (07b52360cc1..., userDataDir: C:\WINDOWS\SystemTemp\scope...}, fedcm:accounts: true, goog:chromeOptions: {debuggerAddress: localhost:32750}, goog:processID: 19204, networkConnectionEnabled: false, pageLoadStrategy: normal, platformName: windows, proxy: Proxy(), se:cdp: ws://localhost:32750/devtoo..., se:cdpVersion: 149.0.7827.197, setWindowRect: true, strictFileInteractability: false, timeouts: {implicit: 0, pageLoad: 300000, script: 30000}, unhandledPromptBehavior: dismiss and notify, webauthn:extension:credBlob: true, webauthn:extension:largeBlob: true, webauthn:extension:minPinLength: true, webauthn:extension:prf: true, webauthn:virtualAuthenticators: true}&#10;Session ID: 1bfd7233901886518217fb7dae877973" type="org.openqa.selenium.TimeoutException"><![CDATA[org.openqa.selenium.TimeoutException: 
Expected condition failed: waiting for visibility of element located by By.cssSelector: input.r4vIwl, input._2IX_2- (tried for 15 second(s) with 500 milliseconds interval)
Build info: version: '4.22.0', revision: 'c5f3146703*'
System info: os.name: 'Windows 11', os.arch: 'amd64', os.version: '10.0', java.version: '25.0.3'
Driver info: org.openqa.selenium.chrome.ChromeDriver
Capabilities {acceptInsecureCerts: false, browserName: chrome, browserVersion: 149.0.7827.197, chrome: {chromedriverVersion: 149.0.7827.155 (07b52360cc1..., userDataDir: C:\WINDOWS\SystemTemp\scope...}, fedcm:accounts: true, goog:chromeOptions: {debuggerAddress: localhost:32750}, goog:processID: 19204, networkConnectionEnabled: false, pageLoadStrategy: normal, platformName: windows, proxy: Proxy(), se:cdp: ws://localhost:32750/devtoo..., se:cdpVersion: 149.0.7827.197, setWindowRect: true, strictFileInteractability: false, timeouts: {implicit: 0, pageLoad: 300000, script: 30000}, unhandledPromptBehavior: dismiss and notify, webauthn:extension:credBlob: true, webauthn:extension:largeBlob: true, webauthn:extension:minPinLength: true, webauthn:extension:prf: true, webauthn:virtualAuthenticators: true}
Session ID: 1bfd7233901886518217fb7dae877973
	at org.openqa.selenium.support.ui.WebDriverWait.timeoutException(WebDriverWait.java:84)
	at org.openqa.selenium.support.ui.FluentWait.until(FluentWait.java:228)
	at com.flipkart.pages.BasePage.waitForVisibility(BasePage.java:24)
	at com.flipkart.pages.BasePage.type(BasePage.java:58)
	at com.flipkart.pages.LoginPage.enterMobileOrEmail(LoginPage.java:18)
	at com.flipkart.stepdefinitions.LoginSteps.the_user_enters_mobile_number(LoginSteps.java:25)
	at ✽.the user enters mobile number "999999999999"(file:///C:/Users/Abhijit%20maske/Downloads/FlipkartAutomation%20(1)/FlipkartAutomation/src/test/resources/features/Login.feature:25)
]]></failure>
    <system-out><![CDATA[
@login @negative
Scenario Outline: Login with various invalid inputs # src/test/resources/features/Login.feature:32
  Given the user is on the Flipkart home page       # com.flipkart.stepdefinitions.SearchSteps.the_user_is_on_the_flipkart_home_page()
  And the user clicks on the Login button           # com.flipkart.stepdefinitions.LoginSteps.the_user_clicks_on_the_login_button()
  When the user enters mobile number "999999999999" # com.flipkart.stepdefinitions.LoginSteps.the_user_enters_mobile_number(java.lang.String)
      org.openqa.selenium.TimeoutException: Expected condition failed: waiting for visibility of element located by By.cssSelector: input.r4vIwl, input._2IX_2- (tried for 15 second(s) with 500 milliseconds interval)
Build info: version: '4.22.0', revision: 'c5f3146703*'
System info: os.name: 'Windows 11', os.arch: 'amd64', os.version: '10.0', java.version: '25.0.3'
Driver info: org.openqa.selenium.chrome.ChromeDriver
Capabilities {acceptInsecureCerts: false, browserName: chrome, browserVersion: 149.0.7827.197, chrome: {chromedriverVersion: 149.0.7827.155 (07b52360cc1..., userDataDir: C:\WINDOWS\SystemTemp\scope...}, fedcm:accounts: true, goog:chromeOptions: {debuggerAddress: localhost:32750}, goog:processID: 19204, networkConnectionEnabled: false, pageLoadStrategy: normal, platformName: windows, proxy: Proxy(), se:cdp: ws://localhost:32750/devtoo..., se:cdpVersion: 149.0.7827.197, setWindowRect: true, strictFileInteractability: false, timeouts: {implicit: 0, pageLoad: 300000, script: 30000}, unhandledPromptBehavior: dismiss and notify, webauthn:extension:credBlob: true, webauthn:extension:largeBlob: true, webauthn:extension:minPinLength: true, webauthn:extension:prf: true, webauthn:virtualAuthenticators: true}
Session ID: 1bfd7233901886518217fb7dae877973
	at org.openqa.selenium.support.ui.WebDriverWait.timeoutException(WebDriverWait.java:84)
	at org.openqa.selenium.support.ui.FluentWait.until(FluentWait.java:228)
	at com.flipkart.pages.BasePage.waitForVisibility(BasePage.java:24)
	at com.flipkart.pages.BasePage.type(BasePage.java:58)
	at com.flipkart.pages.LoginPage.enterMobileOrEmail(LoginPage.java:18)
	at com.flipkart.stepdefinitions.LoginSteps.the_user_enters_mobile_number(LoginSteps.java:25)
	at ✽.the user enters mobile number "999999999999"(file:///C:/Users/Abhijit%20maske/Downloads/FlipkartAutomation%20(1)/FlipkartAutomation/src/test/resources/features/Login.feature:25)


    Embedding Login with various invalid inputs [image/png 48675 bytes]

  And clicks Request OTP                            # com.flipkart.stepdefinitions.LoginSteps.clicks_request_otp()
  Then an error message should be displayed         # com.flipkart.stepdefinitions.LoginSteps.an_error_message_should_be_displayed()
]]></system-out>
    <system-err><![CDATA[Jul 02, 2026 11:30:09 AM org.openqa.selenium.devtools.CdpVersionFinder findNearestMatch
WARNING: Unable to find CDP implementation matching 149
Jul 02, 2026 11:30:09 AM org.openqa.selenium.chromium.ChromiumDriver lambda$new$5
WARNING: Unable to find version of CDP to use for 149.0.7827.197. You may need to include a dependency on a specific version of the CDP using something similar to `org.seleniumhq.selenium:selenium-devtools-v86:4.22.0` where the version ("v86") matches the version of the chromium-based browser you're using and the version number of the artifact is the same as Selenium's.
]]></system-err>
  </testcase>
  <testcase name="runScenario[&quot;Login with various invalid inputs&quot;, &quot;Login Functionality&quot;](11)" classname="com.flipkart.runner.TestRunner" time="38.184">
    <failure message="Expected condition failed: waiting for visibility of element located by By.cssSelector: input.r4vIwl, input._2IX_2- (tried for 15 second(s) with 500 milliseconds interval)&#10;Build info: version: &apos;4.22.0&apos;, revision: &apos;c5f3146703*&apos;&#10;System info: os.name: &apos;Windows 11&apos;, os.arch: &apos;amd64&apos;, os.version: &apos;10.0&apos;, java.version: &apos;25.0.3&apos;&#10;Driver info: org.openqa.selenium.chrome.ChromeDriver&#10;Capabilities {acceptInsecureCerts: false, browserName: chrome, browserVersion: 149.0.7827.197, chrome: {chromedriverVersion: 149.0.7827.155 (07b52360cc1..., userDataDir: C:\WINDOWS\SystemTemp\scope...}, fedcm:accounts: true, goog:chromeOptions: {debuggerAddress: localhost:56673}, goog:processID: 23700, networkConnectionEnabled: false, pageLoadStrategy: normal, platformName: windows, proxy: Proxy(), se:cdp: ws://localhost:56673/devtoo..., se:cdpVersion: 149.0.7827.197, setWindowRect: true, strictFileInteractability: false, timeouts: {implicit: 0, pageLoad: 300000, script: 30000}, unhandledPromptBehavior: dismiss and notify, webauthn:extension:credBlob: true, webauthn:extension:largeBlob: true, webauthn:extension:minPinLength: true, webauthn:extension:prf: true, webauthn:virtualAuthenticators: true}&#10;Session ID: 302db757a31af5c00e5ad8fa28694e61" type="org.openqa.selenium.TimeoutException"><![CDATA[org.openqa.selenium.TimeoutException: 
Expected condition failed: waiting for visibility of element located by By.cssSelector: input.r4vIwl, input._2IX_2- (tried for 15 second(s) with 500 milliseconds interval)
Build info: version: '4.22.0', revision: 'c5f3146703*'
System info: os.name: 'Windows 11', os.arch: 'amd64', os.version: '10.0', java.version: '25.0.3'
Driver info: org.openqa.selenium.chrome.ChromeDriver
Capabilities {acceptInsecureCerts: false, browserName: chrome, browserVersion: 149.0.7827.197, chrome: {chromedriverVersion: 149.0.7827.155 (07b52360cc1..., userDataDir: C:\WINDOWS\SystemTemp\scope...}, fedcm:accounts: true, goog:chromeOptions: {debuggerAddress: localhost:56673}, goog:processID: 23700, networkConnectionEnabled: false, pageLoadStrategy: normal, platformName: windows, proxy: Proxy(), se:cdp: ws://localhost:56673/devtoo..., se:cdpVersion: 149.0.7827.197, setWindowRect: true, strictFileInteractability: false, timeouts: {implicit: 0, pageLoad: 300000, script: 30000}, unhandledPromptBehavior: dismiss and notify, webauthn:extension:credBlob: true, webauthn:extension:largeBlob: true, webauthn:extension:minPinLength: true, webauthn:extension:prf: true, webauthn:virtualAuthenticators: true}
Session ID: 302db757a31af5c00e5ad8fa28694e61
	at org.openqa.selenium.support.ui.WebDriverWait.timeoutException(WebDriverWait.java:84)
	at org.openqa.selenium.support.ui.FluentWait.until(FluentWait.java:228)
	at com.flipkart.pages.BasePage.waitForVisibility(BasePage.java:24)
	at com.flipkart.pages.BasePage.type(BasePage.java:58)
	at com.flipkart.pages.LoginPage.enterMobileOrEmail(LoginPage.java:18)
	at com.flipkart.stepdefinitions.LoginSteps.the_user_enters_mobile_number(LoginSteps.java:25)
	at ✽.the user enters mobile number "!@#$%^&amp;*()"(file:///C:/Users/Abhijit%20maske/Downloads/FlipkartAutomation%20(1)/FlipkartAutomation/src/test/resources/features/Login.feature:25)
]]></failure>
    <system-out><![CDATA[
@login @negative
Scenario Outline: Login with various invalid inputs   # src/test/resources/features/Login.feature:33
  Given the user is on the Flipkart home page         # com.flipkart.stepdefinitions.SearchSteps.the_user_is_on_the_flipkart_home_page()
  And the user clicks on the Login button             # com.flipkart.stepdefinitions.LoginSteps.the_user_clicks_on_the_login_button()
  When the user enters mobile number "!@#$%^&amp;*()" # com.flipkart.stepdefinitions.LoginSteps.the_user_enters_mobile_number(java.lang.String)
      org.openqa.selenium.TimeoutException: Expected condition failed: waiting for visibility of element located by By.cssSelector: input.r4vIwl, input._2IX_2- (tried for 15 second(s) with 500 milliseconds interval)
Build info: version: '4.22.0', revision: 'c5f3146703*'
System info: os.name: 'Windows 11', os.arch: 'amd64', os.version: '10.0', java.version: '25.0.3'
Driver info: org.openqa.selenium.chrome.ChromeDriver
Capabilities {acceptInsecureCerts: false, browserName: chrome, browserVersion: 149.0.7827.197, chrome: {chromedriverVersion: 149.0.7827.155 (07b52360cc1..., userDataDir: C:\WINDOWS\SystemTemp\scope...}, fedcm:accounts: true, goog:chromeOptions: {debuggerAddress: localhost:56673}, goog:processID: 23700, networkConnectionEnabled: false, pageLoadStrategy: normal, platformName: windows, proxy: Proxy(), se:cdp: ws://localhost:56673/devtoo..., se:cdpVersion: 149.0.7827.197, setWindowRect: true, strictFileInteractability: false, timeouts: {implicit: 0, pageLoad: 300000, script: 30000}, unhandledPromptBehavior: dismiss and notify, webauthn:extension:credBlob: true, webauthn:extension:largeBlob: true, webauthn:extension:minPinLength: true, webauthn:extension:prf: true, webauthn:virtualAuthenticators: true}
Session ID: 302db757a31af5c00e5ad8fa28694e61
	at org.openqa.selenium.support.ui.WebDriverWait.timeoutException(WebDriverWait.java:84)
	at org.openqa.selenium.support.ui.FluentWait.until(FluentWait.java:228)
	at com.flipkart.pages.BasePage.waitForVisibility(BasePage.java:24)
	at com.flipkart.pages.BasePage.type(BasePage.java:58)
	at com.flipkart.pages.LoginPage.enterMobileOrEmail(LoginPage.java:18)
	at com.flipkart.stepdefinitions.LoginSteps.the_user_enters_mobile_number(LoginSteps.java:25)
	at ✽.the user enters mobile number "!@#$%^&amp;*()"(file:///C:/Users/Abhijit%20maske/Downloads/FlipkartAutomation%20(1)/FlipkartAutomation/src/test/resources/features/Login.feature:25)


    Embedding Login with various invalid inputs [image/png 48664 bytes]

  And clicks Request OTP                              # com.flipkart.stepdefinitions.LoginSteps.clicks_request_otp()
  Then an error message should be displayed           # com.flipkart.stepdefinitions.LoginSteps.an_error_message_should_be_displayed()
]]></system-out>
    <system-err><![CDATA[Jul 02, 2026 11:30:49 AM org.openqa.selenium.devtools.CdpVersionFinder findNearestMatch
WARNING: Unable to find CDP implementation matching 149
Jul 02, 2026 11:30:49 AM org.openqa.selenium.chromium.ChromiumDriver lambda$new$5
WARNING: Unable to find version of CDP to use for 149.0.7827.197. You may need to include a dependency on a specific version of the CDP using something similar to `org.seleniumhq.selenium:selenium-devtools-v86:4.22.0` where the version ("v86") matches the version of the chromium-based browser you're using and the version number of the artifact is the same as Selenium's.
]]></system-err>
  </testcase>
  <testcase name="runScenario[&quot;Search for a valid product returns results&quot;, &quot;Product Search on Flipkart&quot;](12)" classname="com.flipkart.runner.TestRunner" time="43.264">
    <failure message="No search results displayed expected [true] but found [false]" type="java.lang.AssertionError"><![CDATA[java.lang.AssertionError: No search results displayed expected [true] but found [false]
	at org.testng.Assert.fail(Assert.java:111)
	at org.testng.Assert.failNotEquals(Assert.java:1578)
	at org.testng.Assert.assertTrue(Assert.java:57)
	at com.flipkart.stepdefinitions.SearchSteps.search_results_should_be_displayed(SearchSteps.java:34)
	at ✽.search results should be displayed(file:///C:/Users/Abhijit%20maske/Downloads/FlipkartAutomation%20(1)/FlipkartAutomation/src/test/resources/features/Search.feature:13)
]]></failure>
    <system-out><![CDATA[
@search @smoke
Scenario: Search for a valid product returns results # src/test/resources/features/Search.feature:11
  Given the user is on the Flipkart home page        # com.flipkart.stepdefinitions.SearchSteps.the_user_is_on_the_flipkart_home_page()
  When the user searches for "watches"               # com.flipkart.stepdefinitions.SearchSteps.the_user_searches_for(java.lang.String)
  Then search results should be displayed            # com.flipkart.stepdefinitions.SearchSteps.search_results_should_be_displayed()
      java.lang.AssertionError: No search results displayed expected [true] but found [false]
	at org.testng.Assert.fail(Assert.java:111)
	at org.testng.Assert.failNotEquals(Assert.java:1578)
	at org.testng.Assert.assertTrue(Assert.java:57)
	at com.flipkart.stepdefinitions.SearchSteps.search_results_should_be_displayed(SearchSteps.java:34)
	at ✽.search results should be displayed(file:///C:/Users/Abhijit%20maske/Downloads/FlipkartAutomation%20(1)/FlipkartAutomation/src/test/resources/features/Search.feature:13)


    Embedding Search for a valid product returns results [image/png 229918 bytes]

  And the results count should be greater than 0     # com.flipkart.stepdefinitions.SearchSteps.the_results_count_should_be_greater_than(java.lang.Integer)
]]></system-out>
    <system-err><![CDATA[Jul 02, 2026 11:31:27 AM org.openqa.selenium.devtools.CdpVersionFinder findNearestMatch
WARNING: Unable to find CDP implementation matching 149
Jul 02, 2026 11:31:27 AM org.openqa.selenium.chromium.ChromiumDriver lambda$new$5
WARNING: Unable to find version of CDP to use for 149.0.7827.197. You may need to include a dependency on a specific version of the CDP using something similar to `org.seleniumhq.selenium:selenium-devtools-v86:4.22.0` where the version ("v86") matches the version of the chromium-based browser you're using and the version number of the artifact is the same as Selenium's.
]]></system-err>
  </testcase>
  <testcase name="runScenario[&quot;Search for multiple valid products&quot;, &quot;Product Search on Flipkart&quot;](13)" classname="com.flipkart.runner.TestRunner" time="39.681">
    <failure message="No search results displayed expected [true] but found [false]" type="java.lang.AssertionError"><![CDATA[java.lang.AssertionError: No search results displayed expected [true] but found [false]
	at org.testng.Assert.fail(Assert.java:111)
	at org.testng.Assert.failNotEquals(Assert.java:1578)
	at org.testng.Assert.assertTrue(Assert.java:57)
	at com.flipkart.stepdefinitions.SearchSteps.search_results_should_be_displayed(SearchSteps.java:34)
	at ✽.search results should be displayed(file:///C:/Users/Abhijit%20maske/Downloads/FlipkartAutomation%20(1)/FlipkartAutomation/src/test/resources/features/Search.feature:19)
]]></failure>
    <system-out><![CDATA[
@search @regression
Scenario Outline: Search for multiple valid products # src/test/resources/features/Search.feature:23
  Given the user is on the Flipkart home page        # com.flipkart.stepdefinitions.SearchSteps.the_user_is_on_the_flipkart_home_page()
  When the user searches for "mobile"                # com.flipkart.stepdefinitions.SearchSteps.the_user_searches_for(java.lang.String)
  Then search results should be displayed            # com.flipkart.stepdefinitions.SearchSteps.search_results_should_be_displayed()
      java.lang.AssertionError: No search results displayed expected [true] but found [false]
	at org.testng.Assert.fail(Assert.java:111)
	at org.testng.Assert.failNotEquals(Assert.java:1578)
	at org.testng.Assert.assertTrue(Assert.java:57)
	at com.flipkart.stepdefinitions.SearchSteps.search_results_should_be_displayed(SearchSteps.java:34)
	at ✽.search results should be displayed(file:///C:/Users/Abhijit%20maske/Downloads/FlipkartAutomation%20(1)/FlipkartAutomation/src/test/resources/features/Search.feature:19)


    Embedding Search for multiple valid products [image/png 168805 bytes]

]]></system-out>
    <system-err><![CDATA[Jul 02, 2026 11:32:10 AM org.openqa.selenium.devtools.CdpVersionFinder findNearestMatch
WARNING: Unable to find CDP implementation matching 149
Jul 02, 2026 11:32:10 AM org.openqa.selenium.chromium.ChromiumDriver lambda$new$5
WARNING: Unable to find version of CDP to use for 149.0.7827.197. You may need to include a dependency on a specific version of the CDP using something similar to `org.seleniumhq.selenium:selenium-devtools-v86:4.22.0` where the version ("v86") matches the version of the chromium-based browser you're using and the version number of the artifact is the same as Selenium's.
]]></system-err>
  </testcase>
  <testcase name="runScenario[&quot;Search for multiple valid products&quot;, &quot;Product Search on Flipkart&quot;](14)" classname="com.flipkart.runner.TestRunner" time="42.017">
    <failure message="No search results displayed expected [true] but found [false]" type="java.lang.AssertionError"><![CDATA[java.lang.AssertionError: No search results displayed expected [true] but found [false]
	at org.testng.Assert.fail(Assert.java:111)
	at org.testng.Assert.failNotEquals(Assert.java:1578)
	at org.testng.Assert.assertTrue(Assert.java:57)
	at com.flipkart.stepdefinitions.SearchSteps.search_results_should_be_displayed(SearchSteps.java:34)
	at ✽.search results should be displayed(file:///C:/Users/Abhijit%20maske/Downloads/FlipkartAutomation%20(1)/FlipkartAutomation/src/test/resources/features/Search.feature:19)
]]></failure>
    <system-out><![CDATA[
@search @regression
Scenario Outline: Search for multiple valid products # src/test/resources/features/Search.feature:24
  Given the user is on the Flipkart home page        # com.flipkart.stepdefinitions.SearchSteps.the_user_is_on_the_flipkart_home_page()
  When the user searches for "headphones"            # com.flipkart.stepdefinitions.SearchSteps.the_user_searches_for(java.lang.String)
  Then search results should be displayed            # com.flipkart.stepdefinitions.SearchSteps.search_results_should_be_displayed()
      java.lang.AssertionError: No search results displayed expected [true] but found [false]
	at org.testng.Assert.fail(Assert.java:111)
	at org.testng.Assert.failNotEquals(Assert.java:1578)
	at org.testng.Assert.assertTrue(Assert.java:57)
	at com.flipkart.stepdefinitions.SearchSteps.search_results_should_be_displayed(SearchSteps.java:34)
	at ✽.search results should be displayed(file:///C:/Users/Abhijit%20maske/Downloads/FlipkartAutomation%20(1)/FlipkartAutomation/src/test/resources/features/Search.feature:19)


    Embedding Search for multiple valid products [image/png 205654 bytes]

]]></system-out>
    <system-err><![CDATA[Jul 02, 2026 11:32:50 AM org.openqa.selenium.devtools.CdpVersionFinder findNearestMatch
WARNING: Unable to find CDP implementation matching 149
Jul 02, 2026 11:32:50 AM org.openqa.selenium.chromium.ChromiumDriver lambda$new$5
WARNING: Unable to find version of CDP to use for 149.0.7827.197. You may need to include a dependency on a specific version of the CDP using something similar to `org.seleniumhq.selenium:selenium-devtools-v86:4.22.0` where the version ("v86") matches the version of the chromium-based browser you're using and the version number of the artifact is the same as Selenium's.
]]></system-err>
  </testcase>
  <testcase name="runScenario[&quot;Search for multiple valid products&quot;, &quot;Product Search on Flipkart&quot;](15)" classname="com.flipkart.runner.TestRunner" time="41.667">
    <failure message="No search results displayed expected [true] but found [false]" type="java.lang.AssertionError"><![CDATA[java.lang.AssertionError: No search results displayed expected [true] but found [false]
	at org.testng.Assert.fail(Assert.java:111)
	at org.testng.Assert.failNotEquals(Assert.java:1578)
	at org.testng.Assert.assertTrue(Assert.java:57)
	at com.flipkart.stepdefinitions.SearchSteps.search_results_should_be_displayed(SearchSteps.java:34)
	at ✽.search results should be displayed(file:///C:/Users/Abhijit%20maske/Downloads/FlipkartAutomation%20(1)/FlipkartAutomation/src/test/resources/features/Search.feature:19)
]]></failure>
    <system-out><![CDATA[
@search @regression
Scenario Outline: Search for multiple valid products # src/test/resources/features/Search.feature:25
  Given the user is on the Flipkart home page        # com.flipkart.stepdefinitions.SearchSteps.the_user_is_on_the_flipkart_home_page()
  When the user searches for "shoes"                 # com.flipkart.stepdefinitions.SearchSteps.the_user_searches_for(java.lang.String)
  Then search results should be displayed            # com.flipkart.stepdefinitions.SearchSteps.search_results_should_be_displayed()
      java.lang.AssertionError: No search results displayed expected [true] but found [false]
	at org.testng.Assert.fail(Assert.java:111)
	at org.testng.Assert.failNotEquals(Assert.java:1578)
	at org.testng.Assert.assertTrue(Assert.java:57)
	at com.flipkart.stepdefinitions.SearchSteps.search_results_should_be_displayed(SearchSteps.java:34)
	at ✽.search results should be displayed(file:///C:/Users/Abhijit%20maske/Downloads/FlipkartAutomation%20(1)/FlipkartAutomation/src/test/resources/features/Search.feature:19)


    Embedding Search for multiple valid products [image/png 233812 bytes]

]]></system-out>
    <system-err><![CDATA[Jul 02, 2026 11:33:32 AM org.openqa.selenium.devtools.CdpVersionFinder findNearestMatch
WARNING: Unable to find CDP implementation matching 149
Jul 02, 2026 11:33:32 AM org.openqa.selenium.chromium.ChromiumDriver lambda$new$5
WARNING: Unable to find version of CDP to use for 149.0.7827.197. You may need to include a dependency on a specific version of the CDP using something similar to `org.seleniumhq.selenium:selenium-devtools-v86:4.22.0` where the version ("v86") matches the version of the chromium-based browser you're using and the version number of the artifact is the same as Selenium's.
]]></system-err>
  </testcase>
  <testcase name="runScenario[&quot;Search for multiple valid products&quot;, &quot;Product Search on Flipkart&quot;](16)" classname="com.flipkart.runner.TestRunner" time="42.285">
    <failure message="No search results displayed expected [true] but found [false]" type="java.lang.AssertionError"><![CDATA[java.lang.AssertionError: No search results displayed expected [true] but found [false]
	at org.testng.Assert.fail(Assert.java:111)
	at org.testng.Assert.failNotEquals(Assert.java:1578)
	at org.testng.Assert.assertTrue(Assert.java:57)
	at com.flipkart.stepdefinitions.SearchSteps.search_results_should_be_displayed(SearchSteps.java:34)
	at ✽.search results should be displayed(file:///C:/Users/Abhijit%20maske/Downloads/FlipkartAutomation%20(1)/FlipkartAutomation/src/test/resources/features/Search.feature:19)
]]></failure>
    <system-out><![CDATA[
@search @regression
Scenario Outline: Search for multiple valid products # src/test/resources/features/Search.feature:26
  Given the user is on the Flipkart home page        # com.flipkart.stepdefinitions.SearchSteps.the_user_is_on_the_flipkart_home_page()
  When the user searches for "watch"                 # com.flipkart.stepdefinitions.SearchSteps.the_user_searches_for(java.lang.String)
  Then search results should be displayed            # com.flipkart.stepdefinitions.SearchSteps.search_results_should_be_displayed()
      java.lang.AssertionError: No search results displayed expected [true] but found [false]
	at org.testng.Assert.fail(Assert.java:111)
	at org.testng.Assert.failNotEquals(Assert.java:1578)
	at org.testng.Assert.assertTrue(Assert.java:57)
	at com.flipkart.stepdefinitions.SearchSteps.search_results_should_be_displayed(SearchSteps.java:34)
	at ✽.search results should be displayed(file:///C:/Users/Abhijit%20maske/Downloads/FlipkartAutomation%20(1)/FlipkartAutomation/src/test/resources/features/Search.feature:19)


    Embedding Search for multiple valid products [image/png 273960 bytes]

]]></system-out>
    <system-err><![CDATA[Jul 02, 2026 11:34:13 AM org.openqa.selenium.devtools.CdpVersionFinder findNearestMatch
WARNING: Unable to find CDP implementation matching 149
Jul 02, 2026 11:34:13 AM org.openqa.selenium.chromium.ChromiumDriver lambda$new$5
WARNING: Unable to find version of CDP to use for 149.0.7827.197. You may need to include a dependency on a specific version of the CDP using something similar to `org.seleniumhq.selenium:selenium-devtools-v86:4.22.0` where the version ("v86") matches the version of the chromium-based browser you're using and the version number of the artifact is the same as Selenium's.
]]></system-err>
  </testcase>
  <testcase name="runScenario[&quot;Search for an invalid or nonexistent product&quot;, &quot;Product Search on Flipkart&quot;](17)" classname="com.flipkart.runner.TestRunner" time="40.633">
[...]
  When the user searches for "zzxxnonexistentproduct123" # com.flipkart.stepdefinitions.SearchSteps.the_user_searches_for(java.lang.String)
  Then no results message should be displayed            # com.flipkart.stepdefinitions.SearchSteps.no_results_message_should_be_displayed()
      java.lang.AssertionError: No-results message was not shown for invalid search expected [true] but found [false]
	at org.testng.Assert.fail(Assert.java:111)
	at org.testng.Assert.failNotEquals(Assert.java:1578)
	at org.testng.Assert.assertTrue(Assert.java:57)
	at com.flipkart.stepdefinitions.SearchSteps.no_results_message_should_be_displayed(SearchSteps.java:45)
	at ✽.no results message should be displayed(file:///C:/Users/Abhijit%20maske/Downloads/FlipkartAutomation%20(1)/FlipkartAutomation/src/test/resources/features/Search.feature:31)


    Embedding Search for an invalid or nonexistent product [image/png 291706 bytes]

]]></system-out>
    <system-err><![CDATA[Jul 02, 2026 11:34:56 AM org.openqa.selenium.devtools.CdpVersionFinder findNearestMatch
WARNING: Unable to find CDP implementation matching 149
Jul 02, 2026 11:34:56 AM org.openqa.selenium.chromium.ChromiumDriver lambda$new$5
WARNING: Unable to find version of CDP to use for 149.0.7827.197. You may need to include a dependency on a specific version of the CDP using something similar to `org.seleniumhq.selenium:selenium-devtools-v86:4.22.0` where the version ("v86") matches the version of the chromium-based browser you're using and the version number of the artifact is the same as Selenium's.
]]></system-err>
  </testcase>
  <testcase name="runScenario[&quot;Search results display correct product titles&quot;, &quot;Product Search on Flipkart&quot;](18)" classname="com.flipkart.runner.TestRunner" time="23.693">
    <system-out><![CDATA[
@search @regression
Scenario: Search results display correct product titles                                       # src/test/resources/features/Search.feature:34
  Given the user is on the Flipkart home page                                                 # com.flipkart.stepdefinitions.SearchSteps.the_user_is_on_the_flipkart_home_page()
  When the user searches for "watches"                                                        # com.flipkart.stepdefinitions.SearchSteps.the_user_searches_for(java.lang.String)
  Then each result should contain the search keyword in its title or be a relevant suggestion # com.flipkart.stepdefinitions.SearchSteps.each_result_should_contain_keyword()
]]></system-out>
    <system-err><![CDATA[Jul 02, 2026 11:35:36 AM org.openqa.selenium.devtools.CdpVersionFinder findNearestMatch
WARNING: Unable to find CDP implementation matching 149
Jul 02, 2026 11:35:36 AM org.openqa.selenium.chromium.ChromiumDriver lambda$new$5
WARNING: Unable to find version of CDP to use for 149.0.7827.197. You may need to include a dependency on a specific version of the CDP using something similar to `org.seleniumhq.selenium:selenium-devtools-v86:4.22.0` where the version ("v86") matches the version of the chromium-based browser you're using and the version number of the artifact is the same as Selenium's.
]]></system-err>
  </testcase>
  <testcase name="runScenario[&quot;Sort products by price low to high&quot;, &quot;Sorting and Filtering Search Results&quot;](19)" classname="com.flipkart.runner.TestRunner" time="40.691">
    <failure message="Expected condition failed: waiting for visibility of all elements located by By.cssSelector: div._30jeq3, div.Nx9bqj (tried for 15 second(s) with 500 milliseconds interval)&#10;Build info: version: &apos;4.22.0&apos;, revision: &apos;c5f3146703*&apos;&#10;System info: os.name: &apos;Windows 11&apos;, os.arch: &apos;amd64&apos;, os.version: &apos;10.0&apos;, java.version: &apos;25.0.3&apos;&#10;Driver info: org.openqa.selenium.chrome.ChromeDriver&#10;Capabilities {acceptInsecureCerts: false, browserName: chrome, browserVersion: 149.0.7827.197, chrome: {chromedriverVersion: 149.0.7827.155 (07b52360cc1..., userDataDir: C:\WINDOWS\SystemTemp\scope...}, fedcm:accounts: true, goog:chromeOptions: {debuggerAddress: localhost:2077}, goog:processID: 3876, networkConnectionEnabled: false, pageLoadStrategy: normal, platformName: windows, proxy: Proxy(), se:cdp: ws://localhost:2077/devtool..., se:cdpVersion: 149.0.7827.197, setWindowRect: true, strictFileInteractability: false, timeouts: {implicit: 0, pageLoad: 300000, script: 30000}, unhandledPromptBehavior: dismiss and notify, webauthn:extension:credBlob: true, webauthn:extension:largeBlob: true, webauthn:extension:minPinLength: true, webauthn:extension:prf: true, webauthn:virtualAuthenticators: true}&#10;Session ID: 9c41f298b9b078727deb47e18088ab6c" type="org.openqa.selenium.TimeoutException"><![CDATA[org.openqa.selenium.TimeoutException: 
Expected condition failed: waiting for visibility of all elements located by By.cssSelector: div._30jeq3, div.Nx9bqj (tried for 15 second(s) with 500 milliseconds interval)
Build info: version: '4.22.0', revision: 'c5f3146703*'
System info: os.name: 'Windows 11', os.arch: 'amd64', os.version: '10.0', java.version: '25.0.3'
Driver info: org.openqa.selenium.chrome.ChromeDriver
Capabilities {acceptInsecureCerts: false, browserName: chrome, browserVersion: 149.0.7827.197, chrome: {chromedriverVersion: 149.0.7827.155 (07b52360cc1..., userDataDir: C:\WINDOWS\SystemTemp\scope...}, fedcm:accounts: true, goog:chromeOptions: {debuggerAddress: localhost:2077}, goog:processID: 3876, networkConnectionEnabled: false, pageLoadStrategy: normal, platformName: windows, proxy: Proxy(), se:cdp: ws://localhost:2077/devtool..., se:cdpVersion: 149.0.7827.197, setWindowRect: true, strictFileInteractability: false, timeouts: {implicit: 0, pageLoad: 300000, script: 30000}, unhandledPromptBehavior: dismiss and notify, webauthn:extension:credBlob: true, webauthn:extension:largeBlob: true, webauthn:extension:minPinLength: true, webauthn:extension:prf: true, webauthn:virtualAuthenticators: true}
Session ID: 9c41f298b9b078727deb47e18088ab6c
	at org.openqa.selenium.support.ui.WebDriverWait.timeoutException(WebDriverWait.java:84)
	at org.openqa.selenium.support.ui.FluentWait.until(FluentWait.java:228)
	at com.flipkart.pages.BasePage.waitForAllVisible(BasePage.java:32)
	at com.flipkart.pages.SearchResultsPage.getAllDisplayedPrices(SearchResultsPage.java:41)
	at com.flipkart.stepdefinitions.SortAndFilterSteps.prices_should_be_ascending(SortAndFilterSteps.java:28)
	at ✽.the displayed prices should be in ascending order(file:///C:/Users/Abhijit%20maske/Downloads/FlipkartAutomation%20(1)/FlipkartAutomation/src/test/resources/features/SortAndFilter.feature:14)
]]></failure>
    <system-out><![CDATA[
@sort @regression
Scenario: Sort products by price low to high             # src/test/resources/features/SortAndFilter.feature:12
  Given the user is on the Flipkart home page            # com.flipkart.stepdefinitions.SearchSteps.the_user_is_on_the_flipkart_home_page()
  And the user searches for "laptop"                     # com.flipkart.stepdefinitions.SearchSteps.the_user_searches_for(java.lang.String)
  When the user sorts by "Price -- Low to High"          # com.flipkart.stepdefinitions.SortAndFilterSteps.the_user_sorts_by(java.lang.String)
  Then the displayed prices should be in ascending order # com.flipkart.stepdefinitions.SortAndFilterSteps.prices_should_be_ascending()
      org.openqa.selenium.TimeoutException: Expected condition failed: waiting for visibility of all elements located by By.cssSelector: div._30jeq3, div.Nx9bqj (tried for 15 second(s) with 500 milliseconds interval)
Build info: version: '4.22.0', revision: 'c5f3146703*'
System info: os.name: 'Windows 11', os.arch: 'amd64', os.version: '10.0', java.version: '25.0.3'
Driver info: org.openqa.selenium.chrome.ChromeDriver
Capabilities {acceptInsecureCerts: false, browserName: chrome, browserVersion: 149.0.7827.197, chrome: {chromedriverVersion: 149.0.7827.155 (07b52360cc1..., userDataDir: C:\WINDOWS\SystemTemp\scope...}, fedcm:accounts: true, goog:chromeOptions: {debuggerAddress: localhost:2077}, goog:processID: 3876, networkConnectionEnabled: false, pageLoadStrategy: normal, platformName: windows, proxy: Proxy(), se:cdp: ws://localhost:2077/devtool..., se:cdpVersion: 149.0.7827.197, setWindowRect: true, strictFileInteractability: false, timeouts: {implicit: 0, pageLoad: 300000, script: 30000}, unhandledPromptBehavior: dismiss and notify, webauthn:extension:credBlob: true, webauthn:extension:largeBlob: true, webauthn:extension:minPinLength: true, webauthn:extension:prf: true, webauthn:virtualAuthenticators: true}
Session ID: 9c41f298b9b078727deb47e18088ab6c
	at org.openqa.selenium.support.ui.WebDriverWait.timeoutException(WebDriverWait.java:84)
	at org.openqa.selenium.support.ui.FluentWait.until(FluentWait.java:228)
	at com.flipkart.pages.BasePage.waitForAllVisible(BasePage.java:32)
	at com.flipkart.pages.SearchResultsPage.getAllDisplayedPrices(SearchResultsPage.java:41)
	at com.flipkart.stepdefinitions.SortAndFilterSteps.prices_should_be_ascending(SortAndFilterSteps.java:28)
	at ✽.the displayed prices should be in ascending order(file:///C:/Users/Abhijit%20maske/Downloads/FlipkartAutomation%20(1)/FlipkartAutomation/src/test/resources/features/SortAndFilter.feature:14)


    Embedding Sort products by price low to high [image/png 155527 bytes]

]]></system-out>
    <system-err><![CDATA[Jul 02, 2026 11:36:00 AM org.openqa.selenium.devtools.CdpVersionFinder findNearestMatch
WARNING: Unable to find CDP implementation matching 149
Jul 02, 2026 11:36:00 AM org.openqa.selenium.chromium.ChromiumDriver lambda$new$5
WARNING: Unable to find version of CDP to use for 149.0.7827.197. You may need to include a dependency on a specific version of the CDP using something similar to `org.seleniumhq.selenium:selenium-devtools-v86:4.22.0` where the version ("v86") matches the version of the chromium-based browser you're using and the version number of the artifact is the same as Selenium's.
]]></system-err>
  </testcase>
  <testcase name="runScenario[&quot;Sort products by price high to low&quot;, &quot;Sorting and Filtering Search Results&quot;](20)" classname="com.flipkart.runner.TestRunner" time="40.961">
    <failure message="Expected condition failed: waiting for visibility of all elements located by By.cssSelector: div._30jeq3, div.Nx9bqj (tried for 15 second(s) with 500 milliseconds interval)&#10;Build info: version: &apos;4.22.0&apos;, revision: &apos;c5f3146703*&apos;&#10;System info: os.name: &apos;Windows 11&apos;, os.arch: &apos;amd64&apos;, os.version: &apos;10.0&apos;, java.version: &apos;25.0.3&apos;&#10;Driver info: org.openqa.selenium.chrome.ChromeDriver&#10;Capabilities {acceptInsecureCerts: false, browserName: chrome, browserVersion: 149.0.7827.197, chrome: {chromedriverVersion: 149.0.7827.155 (07b52360cc1..., userDataDir: C:\WINDOWS\SystemTemp\scope...}, fedcm:accounts: true, goog:chromeOptions: {debuggerAddress: localhost:27998}, goog:processID: 8036, networkConnectionEnabled: false, pageLoadStrategy: normal, platformName: windows, proxy: Proxy(), se:cdp: ws://localhost:27998/devtoo..., se:cdpVersion: 149.0.7827.197, setWindowRect: true, strictFileInteractability: false, timeouts: {implicit: 0, pageLoad: 300000, script: 30000}, unhandledPromptBehavior: dismiss and notify, webauthn:extension:credBlob: true, webauthn:extension:largeBlob: true, webauthn:extension:minPinLength: true, webauthn:extension:prf: true, webauthn:virtualAuthenticators: true}&#10;Session ID: d2e7e348f61c8c22310aacc1a9f5500d" type="org.openqa.selenium.TimeoutException"><![CDATA[org.openqa.selenium.TimeoutException: 
Expected condition failed: waiting for visibility of all elements located by By.cssSelector: div._30jeq3, div.Nx9bqj (tried for 15 second(s) with 500 milliseconds interval)
Build info: version: '4.22.0', revision: 'c5f3146703*'
System info: os.name: 'Windows 11', os.arch: 'amd64', os.version: '10.0', java.version: '25.0.3'
Driver info: org.openqa.selenium.chrome.ChromeDriver
Capabilities {acceptInsecureCerts: false, browserName: chrome, browserVersion: 149.0.7827.197, chrome: {chromedriverVersion: 149.0.7827.155 (07b52360cc1..., userDataDir: C:\WINDOWS\SystemTemp\scope...}, fedcm:accounts: true, goog:chromeOptions: {debuggerAddress: localhost:27998}, goog:processID: 8036, networkConnectionEnabled: false, pageLoadStrategy: normal, platformName: windows, proxy: Proxy(), se:cdp: ws://localhost:27998/devtoo..., se:cdpVersion: 149.0.7827.197, setWindowRect: true, strictFileInteractability: false, timeouts: {implicit: 0, pageLoad: 300000, script: 30000}, unhandledPromptBehavior: dismiss and notify, webauthn:extension:credBlob: true, webauthn:extension:largeBlob: true, webauthn:extension:minPinLength: true, webauthn:extension:prf: true, webauthn:virtualAuthenticators: true}
Session ID: d2e7e348f61c8c22310aacc1a9f5500d
	at org.openqa.selenium.support.ui.WebDriverWait.timeoutException(WebDriverWait.java:84)
	at org.openqa.selenium.support.ui.FluentWait.until(FluentWait.java:228)
	at com.flipkart.pages.BasePage.waitForAllVisible(BasePage.java:32)
	at com.flipkart.pages.SearchResultsPage.getAllDisplayedPrices(SearchResultsPage.java:41)
	at com.flipkart.stepdefinitions.SortAndFilterSteps.prices_should_be_descending(SortAndFilterSteps.java:35)
	at ✽.the displayed prices should be in descending order(file:///C:/Users/Abhijit%20maske/Downloads/FlipkartAutomation%20(1)/FlipkartAutomation/src/test/resources/features/SortAndFilter.feature:19)
]]></failure>
    <system-out><![CDATA[
@sort @regression
Scenario: Sort products by price high to low              # src/test/resources/features/SortAndFilter.feature:17
  Given the user is on the Flipkart home page             # com.flipkart.stepdefinitions.SearchSteps.the_user_is_on_the_flipkart_home_page()
  And the user searches for "laptop"                      # com.flipkart.stepdefinitions.SearchSteps.the_user_searches_for(java.lang.String)
  When the user sorts by "Price -- High to Low"           # com.flipkart.stepdefinitions.SortAndFilterSteps.the_user_sorts_by(java.lang.String)
  Then the displayed prices should be in descending order # com.flipkart.stepdefinitions.SortAndFilterSteps.prices_should_be_descending()
      org.openqa.selenium.TimeoutException: Expected condition failed: waiting for visibility of all elements located by By.cssSelector: div._30jeq3, div.Nx9bqj (tried for 15 second(s) with 500 milliseconds interval)
Build info: version: '4.22.0', revision: 'c5f3146703*'
System info: os.name: 'Windows 11', os.arch: 'amd64', os.version: '10.0', java.version: '25.0.3'
Driver info: org.openqa.selenium.chrome.ChromeDriver
Capabilities {acceptInsecureCerts: false, browserName: chrome, browserVersion: 149.0.7827.197, chrome: {chromedriverVersion: 149.0.7827.155 (07b52360cc1..., userDataDir: C:\WINDOWS\SystemTemp\scope...}, fedcm:accounts: true, goog:chromeOptions: {debuggerAddress: localhost:27998}, goog:processID: 8036, networkConnectionEnabled: false, pageLoadStrategy: normal, platformName: windows, proxy: Proxy(), se:cdp: ws://localhost:27998/devtoo..., se:cdpVersion: 149.0.7827.197, setWindowRect: true, strictFileInteractability: false, timeouts: {implicit: 0, pageLoad: 300000, script: 30000}, unhandledPromptBehavior: dismiss and notify, webauthn:extension:credBlob: true, webauthn:extension:largeBlob: true, webauthn:extension:minPinLength: true, webauthn:extension:prf: true, webauthn:virtualAuthenticators: true}
Session ID: d2e7e348f61c8c22310aacc1a9f5500d
	at org.openqa.selenium.support.ui.WebDriverWait.timeoutException(WebDriverWait.java:84)
	at org.openqa.selenium.support.ui.FluentWait.until(FluentWait.java:228)
	at com.flipkart.pages.BasePage.waitForAllVisible(BasePage.java:32)
	at com.flipkart.pages.SearchResultsPage.getAllDisplayedPrices(SearchResultsPage.java:41)
	at com.flipkart.stepdefinitions.SortAndFilterSteps.prices_should_be_descending(SortAndFilterSteps.java:35)
	at ✽.the displayed prices should be in descending order(file:///C:/Users/Abhijit%20maske/Downloads/FlipkartAutomation%20(1)/FlipkartAutomation/src/test/resources/features/SortAndFilter.feature:19)


    Embedding Sort products by price high to low [image/png 142718 bytes]

]]></system-out>
    <system-err><![CDATA[Jul 02, 2026 11:36:41 AM org.openqa.selenium.devtools.CdpVersionFinder findNearestMatch
WARNING: Unable to find CDP implementation matching 149
Jul 02, 2026 11:36:41 AM org.openqa.selenium.chromium.ChromiumDriver lambda$new$5
WARNING: Unable to find version of CDP to use for 149.0.7827.197. You may need to include a dependency on a specific version of the CDP using something similar to `org.seleniumhq.selenium:selenium-devtools-v86:4.22.0` where the version ("v86") matches the version of the chromium-based browser you're using and the version number of the artifact is the same as Selenium's.
]]></system-err>
  </testcase>
  <testcase name="runScenario[&quot;Filter products by customer rating&quot;, &quot;Sorting and Filtering Search Results&quot;](21)" classname="com.flipkart.runner.TestRunner" time="41.126">
    <failure message="No products displayed after applying rating filter expected [true] but found [false]" type="java.lang.AssertionError"><![CDATA[java.lang.AssertionError: No products displayed after applying rating filter expected [true] but found [false]
	at org.testng.Assert.fail(Assert.java:111)
	at org.testng.Assert.failNotEquals(Assert.java:1578)
	at org.testng.Assert.assertTrue(Assert.java:57)
	at com.flipkart.stepdefinitions.SortAndFilterSteps.all_products_should_have_rating_above(SortAndFilterSteps.java:48)
	at ✽.all displayed products should have rating 4 stars or above(file:///C:/Users/Abhijit%20maske/Downloads/FlipkartAutomation%20(1)/FlipkartAutomation/src/test/resources/features/SortAndFilter.feature:24)
]]></failure>
    <system-out><![CDATA[
@filter @regression
Scenario: Filter products by customer rating                      # src/test/resources/features/SortAndFilter.feature:22
  Given the user is on the Flipkart home page                     # com.flipkart.stepdefinitions.SearchSteps.the_user_is_on_the_flipkart_home_page()
  And the user searches for "laptop"                              # com.flipkart.stepdefinitions.SearchSteps.the_user_searches_for(java.lang.String)
  When the user applies the "4 star and above" rating filter      # com.flipkart.stepdefinitions.SortAndFilterSteps.the_user_applies_rating_filter(java.lang.String)
  Then all displayed products should have rating 4 stars or above # com.flipkart.stepdefinitions.SortAndFilterSteps.all_products_should_have_rating_above(java.lang.Integer)
      java.lang.AssertionError: No products displayed after applying rating filter expected [true] but found [false]
	at org.testng.Assert.fail(Assert.java:111)
	at org.testng.Assert.failNotEquals(Assert.java:1578)
	at org.testng.Assert.assertTrue(Assert.java:57)
	at com.flipkart.stepdefinitions.SortAndFilterSteps.all_products_should_have_rating_above(SortAndFilterSteps.java:48)
	at ✽.all displayed products should have rating 4 stars or above(file:///C:/Users/Abhijit%20maske/Downloads/FlipkartAutomation%20(1)/FlipkartAutomation/src/test/resources/features/SortAndFilter.feature:24)


    Embedding Filter products by customer rating [image/png 148852 bytes]

]]></system-out>
    <system-err><![CDATA[Jul 02, 2026 11:37:22 AM org.openqa.selenium.devtools.CdpVersionFinder findNearestMatch
WARNING: Unable to find CDP implementation matching 149
Jul 02, 2026 11:37:22 AM org.openqa.selenium.chromium.ChromiumDriver lambda$new$5
WARNING: Unable to find version of CDP to use for 149.0.7827.197. You may need to include a dependency on a specific version of the CDP using something similar to `org.seleniumhq.selenium:selenium-devtools-v86:4.22.0` where the version ("v86") matches the version of the chromium-based browser you're using and the version number of the artifact is the same as Selenium's.
]]></system-err>
  </testcase>
</testsuite>